<?xml version="1.0" encoding="UTF-8"?>
<!-- Generated by org.testng.reporters.JUnitXMLReporter -->
<testsuite ignored="6" hostname="Harishankar" failures="3" tests="4" name="FitpeoTest" time="12.755" errors="0" timestamp="2024-11-24T14:56:01 IST">
  <testcase classname="tesrCases.TC_01_NavigatingFitPeoHomepage" name="TC_01_NavigatingFitPeoHomepageTest" time="0.314"/>
  <testcase classname="tesrCases.TC_02_NavigateToRevenueCalculatorPage" name="TC_02_NavigateToRevenueCalculatorPageTest" time="0.016">
    <failure type="java.lang.IllegalArgumentException" message="Driver must be set">
      <![CDATA[java.lang.IllegalArgumentException: Driver must be set
at org.openqa.selenium.internal.Require.nonNull(Require.java:61)
at org.openqa.selenium.interactions.Actions.<init>(Actions.java:64)
at org.openqa.selenium.interactions.Actions.<init>(Actions.java:60)
at pageObjects.HomePageFit.<init>(HomePageFit.java:20)
at tesrCases.TC_02_NavigateToRevenueCalculatorPage.TC_02_NavigateToRevenueCalculatorPageTest(TC_02_NavigateToRevenueCalculatorPage.java:16)
at java.base/java.util.ArrayList.forEach(ArrayList.java:1596)
... Removed 25 stack frames]]>
    </failure>
  </testcase> <!-- TC_02_NavigateToRevenueCalculatorPageTest -->
  <testcase classname="tesrCases.TC_03_ScrollDownToSlider" name="TC_03_ScrollDownToSliderUntilVisibleTest" time="0.0">
    <failure type="java.lang.IllegalArgumentException" message="Driver must be set">
      <![CDATA[java.lang.IllegalArgumentException: Driver must be set
at org.openqa.selenium.internal.Require.nonNull(Require.java:61)
at org.openqa.selenium.interactions.Actions.<init>(Actions.java:64)
at org.openqa.selenium.interactions.Actions.<init>(Actions.java:60)
at pageObjects.HomePageFit.<init>(HomePageFit.java:20)
at tesrCases.TC_03_ScrollDownToSlider.TC_03_ScrollDownToSliderUntilVisibleTest(TC_03_ScrollDownToSlider.java:16)
at java.base/java.util.ArrayList.forEach(ArrayList.java:1596)
... Removed 25 stack frames]]>
    </failure>
  </testcase> <!-- TC_03_ScrollDownToSliderUntilVisibleTest -->
  <testcase classname="tesrCases.TC_04_AdjustTheSliderTest" name="TC_04_AdjustTheSliderFunctionalityTest" time="0.0">
    <failure type="java.lang.IllegalArgumentException" message="Driver must be set">
      <![CDATA[java.lang.IllegalArgumentException: Driver must be set
at org.openqa.selenium.internal.Require.nonNull(Require.java:61)
at org.openqa.selenium.interactions.Actions.<init>(Actions.java:64)
at org.openqa.selenium.interactions.Actions.<init>(Actions.java:60)
at pageObjects.HomePageFit.<init>(HomePageFit.java:20)
at tesrCases.TC_04_AdjustTheSliderTest.TC_04_AdjustTheSliderFunctionalityTest(TC_04_AdjustTheSliderTest.java:16)
at java.base/java.util.ArrayList.forEach(ArrayList.java:1596)
... Removed 25 stack frames]]>
    </failure>
  </testcase> <!-- TC_04_AdjustTheSliderFunctionalityTest -->
  <testcase classname="testBase.BaseClass" name="@AfterTest tearDown" time="0.0">
    <ignored/>
  </testcase> <!-- @AfterTest tearDown -->
  <testcase classname="testBase.BaseClass" name="@AfterTest tearDown" time="0.0">
    <ignored/>
  </testcase> <!-- @AfterTest tearDown -->
  <testcase classname="testBase.BaseClass" name="@AfterTest tearDown" time="0.0">
    <ignored/>
  </testcase> <!-- @AfterTest tearDown -->
  <testcase classname="testBase.BaseClass" name="@BeforeTest setUp" time="0.0">
    <ignored/>
  </testcase> <!-- @BeforeTest setUp -->
  <testcase classname="testBase.BaseClass" name="@BeforeTest setUp" time="0.0">
    <ignored/>
  </testcase> <!-- @BeforeTest setUp -->
  <testcase classname="testBase.BaseClass" name="@BeforeTest setUp" time="0.0">
    <ignored/>
  </testcase> <!-- @BeforeTest setUp -->
</testsuite> <!-- FitpeoTest -->
