<?xml version="1.0" encoding="UTF-8"?>
<!-- Generated by org.testng.reporters.JUnitXMLReporter -->
<testsuite ignored="6" hostname="Harishankar" failures="2" tests="2" name="Gen Test - All Rows" time="77.708" errors="0" timestamp="2024-10-05T18:18:44 IST">
  <testcase classname="tesrCases.TC_001_DataDrivenTestingFillBrandingDetailsPageInTextToImageGeneration" name="DataDrivenTestingFillBrandingDetailsPageInTextToImageGeneration" time="3.387">
    <failure type="org.testng.internal.reflect.MethodMatcherException" message="
[public void tesrCases.TC_001_DataDrivenTestingFillBrandingDetailsPageInTextToImageGeneration.DataDrivenTestingFillBrandingDetailsPageInTextToImageGeneration(java.lang.String,java.lang.String,java.lang.String,java.lang.String,java.lang.String,java.lang.String,java.lang.String,java.lang.String,java.lang.String,java.lang.String,java.lang.String,java.lang.String,java.lang.String,java.lang.String,java.lang.String,java.lang.String,java.lang.String,java.lang.String,java.lang.String,java.lang.String) throws java.lang.InterruptedException,java.io.IOException] has no parameters defined but was found to be using a data provider (either explicitly specified or inherited from class level annotation).
Data provider mismatch
Method: DataDrivenTestingFillBrandingDetailsPageInTextToImageGeneration([java.lang.String arg0, java.lang.String arg1, java.lang.String arg2, java.lang.String arg3, java.lang.String arg4, java.lang.String arg5, java.lang.String arg6, java.lang.String arg7, java.lang.String arg8, java.lang.String arg9, java.lang.String arg10, java.lang.String arg11, java.lang.String arg12, java.lang.String arg13, java.lang.String arg14, java.lang.String arg15, java.lang.String arg16, java.lang.String arg17, java.lang.String arg18, java.lang.String arg19])
Arguments: [(java.lang.String) BrandA,(java.lang.String) Real Estate,(java.lang.String) Innovating technology solutions that seamlessly integrate with your lifestyle.,(java.lang.String) Tech Enthusiast,(java.lang.String) Male,(java.lang.String) All Ages,(java.lang.String) All India,(java.lang.String) ,(java.lang.String) Smart Watch,(java.lang.String) Cutting-edge technology with a sleek design, featuring health tracking and connectivity.,(java.lang.String) ,(java.lang.String) Tech Tomorrow Today,(java.lang.String) Showcase new tech products and drive online engagement.,(java.lang.String) twitter,(java.lang.String) (1080*1080),(java.lang.String) Indian,(java.lang.String) Object,(java.lang.String) Photographic,(java.lang.String) A modern smart watch with a futuristic interface, displayed on a sleek desk alongside tech gadgets and accessories]">
      <![CDATA[org.testng.internal.reflect.MethodMatcherException: 
[public void tesrCases.TC_001_DataDrivenTestingFillBrandingDetailsPageInTextToImageGeneration.DataDrivenTestingFillBrandingDetailsPageInTextToImageGeneration(java.lang.String,java.lang.String,java.lang.String,java.lang.String,java.lang.String,java.lang.String,java.lang.String,java.lang.String,java.lang.String,java.lang.String,java.lang.String,java.lang.String,java.lang.String,java.lang.String,java.lang.String,java.lang.String,java.lang.String,java.lang.String,java.lang.String,java.lang.String) throws java.lang.InterruptedException,java.io.IOException] has no parameters defined but was found to be using a data provider (either explicitly specified or inherited from class level annotation).
Data provider mismatch
Method: DataDrivenTestingFillBrandingDetailsPageInTextToImageGeneration([java.lang.String arg0, java.lang.String arg1, java.lang.String arg2, java.lang.String arg3, java.lang.String arg4, java.lang.String arg5, java.lang.String arg6, java.lang.String arg7, java.lang.String arg8, java.lang.String arg9, java.lang.String arg10, java.lang.String arg11, java.lang.String arg12, java.lang.String arg13, java.lang.String arg14, java.lang.String arg15, java.lang.String arg16, java.lang.String arg17, java.lang.String arg18, java.lang.String arg19])
Arguments: [(java.lang.String) BrandA,(java.lang.String) Real Estate,(java.lang.String) Innovating technology solutions that seamlessly integrate with your lifestyle.,(java.lang.String) Tech Enthusiast,(java.lang.String) Male,(java.lang.String) All Ages,(java.lang.String) All India,(java.lang.String) ,(java.lang.String) Smart Watch,(java.lang.String) Cutting-edge technology with a sleek design, featuring health tracking and connectivity.,(java.lang.String) ,(java.lang.String) Tech Tomorrow Today,(java.lang.String) Showcase new tech products and drive online engagement.,(java.lang.String) twitter,(java.lang.String) (1080*1080),(java.lang.String) Indian,(java.lang.String) Object,(java.lang.String) Photographic,(java.lang.String) A modern smart watch with a futuristic interface, displayed on a sleek desk alongside tech gadgets and accessories]
at java.base/java.util.ArrayList.forEach(ArrayList.java:1596)
... Removed 22 stack frames]]>
    </failure>
  </testcase> <!-- DataDrivenTestingFillBrandingDetailsPageInTextToImageGeneration -->
  <testcase classname="tesrCases.TC_002_DataDrivenTestingFillTargetGroupDetailsPageInTextToImageGeneration" name="DataDrivenTestingFillTargetGroupDetailsPageInTextToImageGeneration" time="41.249">
    <failure type="java.lang.RuntimeException" message="Target Name text field not displayed in New Target Group page because of TimeoutException">
      <![CDATA[java.lang.RuntimeException: Target Name text field not displayed in New Target Group page because of TimeoutException
at pageObjects.Addbrandinfo.TargetNameText(Addbrandinfo.java:238)
at tesrCases.CommonTargetGroupDetailsPageTextToImageGeneration.TargetGroupDetailsPageInTextToImage(CommonTargetGroupDetailsPageTextToImageGeneration.java:14)
at tesrCases.TC_002_DataDrivenTestingFillTargetGroupDetailsPageInTextToImageGeneration.DataDrivenTestingFillTargetGroupDetailsPageInTextToImageGeneration(TC_002_DataDrivenTestingFillTargetGroupDetailsPageInTextToImageGeneration.java:20)
at java.base/java.util.ArrayList.forEach(ArrayList.java:1596)
Caused by: org.openqa.selenium.TimeoutException: Expected condition failed: waiting for visibility of Proxy element for: DefaultElementLocator 'By.xpath: //input[@placeholder='Suggest Target Group Name']' (tried for 30 second(s) with 500 milliseconds interval)
at org.openqa.selenium.support.ui.WebDriverWait.timeoutException(WebDriverWait.java:84)
at org.openqa.selenium.support.ui.FluentWait.until(FluentWait.java:228)
at pageObjects.Addbrandinfo.TargetNameText(Addbrandinfo.java:233)
... 28 more
Caused by: org.openqa.selenium.NoSuchElementException: no such element: Unable to locate element: {"method":"xpath","selector":"//input[@placeholder='Suggest Target Group Name']"}
  (Session info: chrome=129.0.6668.89)
For documentation on this error, please visit: https://www.selenium.dev/documentation/webdriver/troubleshooting/errors#no-such-element-exception
Build info: version: '4.24.0', revision: '748ffc9bc3'
System info: os.name: 'Windows 11', os.arch: 'amd64', os.version: '10.0', java.version: '21.0.4'
Driver info: org.openqa.selenium.chrome.ChromeDriver
Command: [4ce5dd62e5edf89d354d9cf7e4a699d4, findElement {value=//input[@placeholder='Suggest Target Group Name'], using=xpath}]
Capabilities {acceptInsecureCerts: false, browserName: chrome, browserVersion: 129.0.6668.89, chrome: {chromedriverVersion: 129.0.6668.89 (951c0b97221f..., userDataDir: C:\Users\HP\AppData\Local\T...}, fedcm:accounts: true, goog:chromeOptions: {debuggerAddress: localhost:59283}, networkConnectionEnabled: false, pageLoadStrategy: normal, platformName: windows, proxy: Proxy(), se:cdp: ws://localhost:59283/devtoo..., se:cdpVersion: 129.0.6668.89, setWindowRect: true, strictFileInteractability: false, timeouts: {implicit: 0, pageLoad: 300000, script: 30000}, unhandledPromptBehavior: dismiss and notify, webauthn:extension:credBlob: true, webauthn:extension:largeBlob: true, webauthn:extension:minPinLength: true, webauthn:extension:prf: true, webauthn:virtualAuthenticators: true}
Session ID: 4ce5dd62e5edf89d354d9cf7e4a699d4
at org.openqa.selenium.remote.ErrorCodec.decode(ErrorCodec.java:167)
at org.openqa.selenium.remote.codec.w3c.W3CHttpResponseCodec.decode(W3CHttpResponseCodec.java:138)
at org.openqa.selenium.remote.codec.w3c.W3CHttpResponseCodec.decode(W3CHttpResponseCodec.java:50)
at org.openqa.selenium.remote.HttpCommandExecutor.execute(HttpCommandExecutor.java:190)
at org.openqa.selenium.remote.service.DriverCommandExecutor.invokeExecute(DriverCommandExecutor.java:216)
at org.openqa.selenium.remote.service.DriverCommandExecutor.execute(DriverCommandExecutor.java:174)
at org.openqa.selenium.remote.RemoteWebDriver.execute(RemoteWebDriver.java:545)
at org.openqa.selenium.remote.ElementLocation$ElementFinder$2.findElement(ElementLocation.java:165)
at org.openqa.selenium.remote.ElementLocation.findElement(ElementLocation.java:59)
at org.openqa.selenium.remote.RemoteWebDriver.findElement(RemoteWebDriver.java:368)
at org.openqa.selenium.remote.RemoteWebDriver.findElement(RemoteWebDriver.java:362)
at org.openqa.selenium.support.pagefactory.DefaultElementLocator.findElement(DefaultElementLocator.java:68)
at org.openqa.selenium.support.pagefactory.internal.LocatingElementHandler.invoke(LocatingElementHandler.java:38)
at jdk.proxy2/jdk.proxy2.$Proxy28.isDisplayed(Unknown Source)
at org.openqa.selenium.support.ui.ExpectedConditions.elementIfVisible(ExpectedConditions.java:304)
at org.openqa.selenium.support.ui.ExpectedConditions$10.apply(ExpectedConditions.java:290)
at org.openqa.selenium.support.ui.ExpectedConditions$10.apply(ExpectedConditions.java:287)
at org.openqa.selenium.support.ui.FluentWait.until(FluentWait.java:203)
... 29 more
... Removed 28 stack frames]]>
    </failure>
  </testcase> <!-- DataDrivenTestingFillTargetGroupDetailsPageInTextToImageGeneration -->
  <testcase classname="testBase.BaseClass" name="@BeforeSuite launchingapplication" time="0.0">
    <ignored/>
  </testcase> <!-- @BeforeSuite launchingapplication -->
  <testcase classname="testBase.BaseClass" name="@BeforeSuite launchingapplication" time="0.0">
    <ignored/>
  </testcase> <!-- @BeforeSuite launchingapplication -->
  <testcase classname="testBase.BaseClass" name="@BeforeSuite launchingapplication" time="0.0">
    <ignored/>
  </testcase> <!-- @BeforeSuite launchingapplication -->
  <testcase classname="testBase.BaseClass" name="@BeforeSuite launchingapplication" time="0.0">
    <ignored/>
  </testcase> <!-- @BeforeSuite launchingapplication -->
  <testcase classname="testBase.BaseClass" name="@BeforeSuite launchingapplication" time="0.0">
    <ignored/>
  </testcase> <!-- @BeforeSuite launchingapplication -->
  <testcase classname="testBase.BaseClass" name="@BeforeSuite launchingapplication" time="0.0">
    <ignored/>
  </testcase> <!-- @BeforeSuite launchingapplication -->
</testsuite> <!-- Gen Test - All Rows -->
