<html>
<head>
<title>TestNG:  Gen Test - Row 2</title>
<link href="../testng.css" rel="stylesheet" type="text/css" />
<link href="../my-testng.css" rel="stylesheet" type="text/css" />

<style type="text/css">
.log { display: none;} 
.stack-trace { display: none;} 
</style>
<script type="text/javascript">
<!--
function flip(e) {
  current = e.style.display;
  if (current == 'block') {
    e.style.display = 'none';
    return 0;
  }
  else {
    e.style.display = 'block';
    return 1;
  }
}

function toggleBox(szDivId, elem, msg1, msg2)
{
  var res = -1;  if (document.getElementById) {
    res = flip(document.getElementById(szDivId));
  }
  else if (document.all) {
    // this is the way old msie versions work
    res = flip(document.all[szDivId]);
  }
  if(elem) {
    if(res == 0) elem.innerHTML = msg1; else elem.innerHTML = msg2;
  }

}

function toggleAllBoxes() {
  if (document.getElementsByTagName) {
    d = document.getElementsByTagName('div');
    for (i = 0; i < d.length; i++) {
      if (d[i].className == 'log') {
        flip(d[i]);
      }
    }
  }
}

// -->
</script>

</head>
<body>
<h2 align='center'>Gen Test - Row 2</h2><table border='1' align="center">
<tr>
<td>Tests passed/Failed/Skipped:</td><td>0/1/6</td>
</tr><tr>
<td>Started on:</td><td>Wed Oct 09 11:15:59 IST 2024</td>
</tr>
<tr><td>Total time:</td><td>13 seconds (13001 ms)</td>
</tr><tr>
<td>Included groups:</td><td></td>
</tr><tr>
<td>Excluded groups:</td><td></td>
</tr>
</table><p/>
<small><i>(Hover the method name to see the test class name)</i></small><p/>
<table width='100%' border='1' class='invocation-failed'>
<tr><td colspan='4' align='center'><b>FAILED TESTS</b></td></tr>
<tr><td><b>Test method</b></td>
<td width="30%"><b>Exception</b></td>
<td width="10%"><b>Time (seconds)</b></td>
<td><b>Instance</b></td>
</tr>
<tr>
<td title='tesrCases.TC_001_DataDrivenTestingFillBrandingDetailsPageInTextToImageGeneration.DataDrivenTestingFillBrandingDetailsPageInTextToImageGeneration()'><b>DataDrivenTestingFillBrandingDetailsPageInTextToImageGeneration</b><br>Test class: tesrCases.TC_001_DataDrivenTestingFillBrandingDetailsPageInTextToImageGeneration<br>Parameters: BrandB, Telecommunications, Our brand specializes in cutting-edge gadgets that push the boundaries of technology. 
From smart home devices to wearable tech, we deliver the latest innovations designed 
to enhance your daily life and provide unparalleled convenience and connectivity., TechSavvy, Male, Adults (25-54 years), All India, , GadgetX, Discover the latest innovations in technology with our cutting-edge gadgets. From state-of-the-art smartphones and 
smartwatches to advanced home automation devices, these tech gadgets offer enhanced functionality, seamless 
connectivity, and stylish designs. Perfect for tech enthusiasts and those looking to stay ahead of the curve., , TechBuzz, Launch Event, facebook, (1200*628), Indian, Object, Analog Film, A sleek, modern arrangement of advanced technology, with glowing screens, futuristic gadgets, and a high-tech atmosphere.</td>
<td><div><pre>java.lang.NullPointerException: Cannot invoke &quot;java.util.List.size()&quot; because &quot;this.brandList&quot; is null
	at pageObjects.Addbrandinfo.&lt;init&gt;(Addbrandinfo.java:563)
	at tesrCases.CommonBrandingDetailsPageTextToImageGeneration.BrandingDetailsPageInTextToImage(CommonBrandingDetailsPageTextToImageGeneration.java:13)
	at tesrCases.TC_001_DataDrivenTestingFillBrandingDetailsPageInTextToImageGeneration.DataDrivenTestingFillBrandingDetailsPageInTextToImageGeneration(TC_001_DataDrivenTestingFillBrandingDetailsPageInTextToImageGeneration.java:26)
	at java.base/java.util.ArrayList.forEach(ArrayList.java:1596)
... Removed 25 stack frames</pre></div><a href='#' onClick='toggleBox("stack-trace1377992370", this, "Click to show all stack frames", "Click to hide stack frames")'>Click to show all stack frames</a>
<div class='stack-trace' id='stack-trace1377992370'><pre>java.lang.NullPointerException: Cannot invoke &quot;java.util.List.size()&quot; because &quot;this.brandList&quot; is null
	at pageObjects.Addbrandinfo.&lt;init&gt;(Addbrandinfo.java:563)
	at tesrCases.CommonBrandingDetailsPageTextToImageGeneration.BrandingDetailsPageInTextToImage(CommonBrandingDetailsPageTextToImageGeneration.java:13)
	at tesrCases.TC_001_DataDrivenTestingFillBrandingDetailsPageInTextToImageGeneration.DataDrivenTestingFillBrandingDetailsPageInTextToImageGeneration(TC_001_DataDrivenTestingFillBrandingDetailsPageInTextToImageGeneration.java:26)
	at java.base/jdk.internal.reflect.DirectMethodHandleAccessor.invoke(DirectMethodHandleAccessor.java:103)
	at java.base/java.lang.reflect.Method.invoke(Method.java:580)
	at org.testng.internal.MethodInvocationHelper.invokeMethod(MethodInvocationHelper.java:133)
	at org.testng.internal.TestInvoker.invokeMethod(TestInvoker.java:598)
	at org.testng.internal.TestInvoker.invokeTestMethod(TestInvoker.java:173)
	at org.testng.internal.MethodRunner.runInSequence(MethodRunner.java:46)
	at org.testng.internal.TestInvoker$MethodInvocationAgent.invoke(TestInvoker.java:824)
	at org.testng.internal.TestInvoker.invokeTestMethods(TestInvoker.java:146)
	at org.testng.internal.TestMethodWorker.invokeTestMethods(TestMethodWorker.java:146)
	at org.testng.internal.TestMethodWorker.run(TestMethodWorker.java:128)
	at java.base/java.util.ArrayList.forEach(ArrayList.java:1596)
	at org.testng.TestRunner.privateRun(TestRunner.java:794)
	at org.testng.TestRunner.run(TestRunner.java:596)
	at org.testng.SuiteRunner.runTest(SuiteRunner.java:377)
	at org.testng.SuiteRunner.runSequentially(SuiteRunner.java:371)
	at org.testng.SuiteRunner.privateRun(SuiteRunner.java:332)
	at org.testng.SuiteRunner.run(SuiteRunner.java:276)
	at org.testng.SuiteRunnerWorker.runSuite(SuiteRunnerWorker.java:53)
	at org.testng.SuiteRunnerWorker.run(SuiteRunnerWorker.java:96)
	at org.testng.TestNG.runSuitesSequentially(TestNG.java:1212)
	at org.testng.TestNG.runSuitesLocally(TestNG.java:1134)
	at org.testng.TestNG.runSuites(TestNG.java:1063)
	at org.testng.TestNG.run(TestNG.java:1031)
	at org.testng.remote.AbstractRemoteTestNG.run(AbstractRemoteTestNG.java:115)
	at org.testng.remote.RemoteTestNG.initAndRun(RemoteTestNG.java:293)
	at org.testng.remote.RemoteTestNG.main(RemoteTestNG.java:91)
</pre></div></td>
<td>0</td>
<td>tesrCases.TC_001_DataDrivenTestingFillBrandingDetailsPageInTextToImageGeneration@7de0c6ae</td></tr>
</table><p>
<table width='100%' border='1' class='invocation-skipped'>
<tr><td colspan='4' align='center'><b>SKIPPED TESTS</b></td></tr>
<tr><td><b>Test method</b></td>
<td width="30%"><b>Exception</b></td>
<td width="10%"><b>Time (seconds)</b></td>
<td><b>Instance</b></td>
</tr>
<tr>
<td title='tesrCases.TC_003_DataDrivenTestingFillProductDetailsPageInTextToImageGeneration.DataDrivenTestingFillProductDetailsPageInTextToImageGeneration()'><b>DataDrivenTestingFillProductDetailsPageInTextToImageGeneration</b><br>Test class: tesrCases.TC_003_DataDrivenTestingFillProductDetailsPageInTextToImageGeneration</td>
<td><div><pre>java.lang.Throwable: Method TC_003_DataDrivenTestingFillProductDetailsPageInTextToImageGeneration.DataDrivenTestingFillProductDetailsPageInTextToImageGeneration(java.lang.String,java.lang.String,java.lang.String,java.lang.String,java.lang.String,java.lang.String,java.lang.String,java.lang.String,java.lang.String,java.lang.String,java.lang.String,java.lang.String,java.lang.String,java.lang.String,java.lang.String,java.lang.String,java.lang.String,java.lang.String,java.lang.String)[pri:0, instance:tesrCases.TC_003_DataDrivenTestingFillProductDetailsPageInTextToImageGeneration@cdc3aae] depends on not successfully finished methods
	at java.base/java.util.ArrayList.forEach(ArrayList.java:1596)
... Removed 18 stack frames</pre></div><a href='#' onClick='toggleBox("stack-trace825605925", this, "Click to show all stack frames", "Click to hide stack frames")'>Click to show all stack frames</a>
<div class='stack-trace' id='stack-trace825605925'><pre>java.lang.Throwable: Method TC_003_DataDrivenTestingFillProductDetailsPageInTextToImageGeneration.DataDrivenTestingFillProductDetailsPageInTextToImageGeneration(java.lang.String,java.lang.String,java.lang.String,java.lang.String,java.lang.String,java.lang.String,java.lang.String,java.lang.String,java.lang.String,java.lang.String,java.lang.String,java.lang.String,java.lang.String,java.lang.String,java.lang.String,java.lang.String,java.lang.String,java.lang.String,java.lang.String)[pri:0, instance:tesrCases.TC_003_DataDrivenTestingFillProductDetailsPageInTextToImageGeneration@cdc3aae] depends on not successfully finished methods
	at org.testng.internal.TestInvoker.invokeTestMethods(TestInvoker.java:102)
	at org.testng.internal.TestMethodWorker.invokeTestMethods(TestMethodWorker.java:146)
	at org.testng.internal.TestMethodWorker.run(TestMethodWorker.java:128)
	at java.base/java.util.ArrayList.forEach(ArrayList.java:1596)
	at org.testng.TestRunner.privateRun(TestRunner.java:794)
	at org.testng.TestRunner.run(TestRunner.java:596)
	at org.testng.SuiteRunner.runTest(SuiteRunner.java:377)
	at org.testng.SuiteRunner.runSequentially(SuiteRunner.java:371)
	at org.testng.SuiteRunner.privateRun(SuiteRunner.java:332)
	at org.testng.SuiteRunner.run(SuiteRunner.java:276)
	at org.testng.SuiteRunnerWorker.runSuite(SuiteRunnerWorker.java:53)
	at org.testng.SuiteRunnerWorker.run(SuiteRunnerWorker.java:96)
	at org.testng.TestNG.runSuitesSequentially(TestNG.java:1212)
	at org.testng.TestNG.runSuitesLocally(TestNG.java:1134)
	at org.testng.TestNG.runSuites(TestNG.java:1063)
	at org.testng.TestNG.run(TestNG.java:1031)
	at org.testng.remote.AbstractRemoteTestNG.run(AbstractRemoteTestNG.java:115)
	at org.testng.remote.RemoteTestNG.initAndRun(RemoteTestNG.java:293)
	at org.testng.remote.RemoteTestNG.main(RemoteTestNG.java:91)
</pre></div></td>
<td>0</td>
<td>tesrCases.TC_003_DataDrivenTestingFillProductDetailsPageInTextToImageGeneration@cdc3aae</td></tr>
<tr>
<td title='tesrCases.TC_005_DataDrivenTestingCampaignOverviewDetailsPageInTextToImageGeneration.DataDrivenTestingCampaignOverviewDetailsPageInTextToImageGeneration()'><b>DataDrivenTestingCampaignOverviewDetailsPageInTextToImageGeneration</b><br>Test class: tesrCases.TC_005_DataDrivenTestingCampaignOverviewDetailsPageInTextToImageGeneration</td>
<td><div><pre>java.lang.Throwable: Method TC_005_DataDrivenTestingCampaignOverviewDetailsPageInTextToImageGeneration.DataDrivenTestingCampaignOverviewDetailsPageInTextToImageGeneration(java.lang.String,java.lang.String,java.lang.String,java.lang.String,java.lang.String,java.lang.String,java.lang.String,java.lang.String,java.lang.String,java.lang.String,java.lang.String,java.lang.String,java.lang.String,java.lang.String,java.lang.String,java.lang.String,java.lang.String,java.lang.String,java.lang.String)[pri:0, instance:tesrCases.TC_005_DataDrivenTestingCampaignOverviewDetailsPageInTextToImageGeneration@5dcbb60] depends on not successfully finished methods
	at java.base/java.util.ArrayList.forEach(ArrayList.java:1596)
... Removed 18 stack frames</pre></div><a href='#' onClick='toggleBox("stack-trace2046364218", this, "Click to show all stack frames", "Click to hide stack frames")'>Click to show all stack frames</a>
<div class='stack-trace' id='stack-trace2046364218'><pre>java.lang.Throwable: Method TC_005_DataDrivenTestingCampaignOverviewDetailsPageInTextToImageGeneration.DataDrivenTestingCampaignOverviewDetailsPageInTextToImageGeneration(java.lang.String,java.lang.String,java.lang.String,java.lang.String,java.lang.String,java.lang.String,java.lang.String,java.lang.String,java.lang.String,java.lang.String,java.lang.String,java.lang.String,java.lang.String,java.lang.String,java.lang.String,java.lang.String,java.lang.String,java.lang.String,java.lang.String)[pri:0, instance:tesrCases.TC_005_DataDrivenTestingCampaignOverviewDetailsPageInTextToImageGeneration@5dcbb60] depends on not successfully finished methods
	at org.testng.internal.TestInvoker.invokeTestMethods(TestInvoker.java:102)
	at org.testng.internal.TestMethodWorker.invokeTestMethods(TestMethodWorker.java:146)
	at org.testng.internal.TestMethodWorker.run(TestMethodWorker.java:128)
	at java.base/java.util.ArrayList.forEach(ArrayList.java:1596)
	at org.testng.TestRunner.privateRun(TestRunner.java:794)
	at org.testng.TestRunner.run(TestRunner.java:596)
	at org.testng.SuiteRunner.runTest(SuiteRunner.java:377)
	at org.testng.SuiteRunner.runSequentially(SuiteRunner.java:371)
	at org.testng.SuiteRunner.privateRun(SuiteRunner.java:332)
	at org.testng.SuiteRunner.run(SuiteRunner.java:276)
	at org.testng.SuiteRunnerWorker.runSuite(SuiteRunnerWorker.java:53)
	at org.testng.SuiteRunnerWorker.run(SuiteRunnerWorker.java:96)
	at org.testng.TestNG.runSuitesSequentially(TestNG.java:1212)
	at org.testng.TestNG.runSuitesLocally(TestNG.java:1134)
	at org.testng.TestNG.runSuites(TestNG.java:1063)
	at org.testng.TestNG.run(TestNG.java:1031)
	at org.testng.remote.AbstractRemoteTestNG.run(AbstractRemoteTestNG.java:115)
	at org.testng.remote.RemoteTestNG.initAndRun(RemoteTestNG.java:293)
	at org.testng.remote.RemoteTestNG.main(RemoteTestNG.java:91)
</pre></div></td>
<td>0</td>
<td>tesrCases.TC_005_DataDrivenTestingCampaignOverviewDetailsPageInTextToImageGeneration@5dcbb60</td></tr>
<tr>
<td title='tesrCases.TC_002_DataDrivenTestingFillTargetGroupDetailsPageInTextToImageGeneration.DataDrivenTestingFillTargetGroupDetailsPageInTextToImageGeneration()'><b>DataDrivenTestingFillTargetGroupDetailsPageInTextToImageGeneration</b><br>Test class: tesrCases.TC_002_DataDrivenTestingFillTargetGroupDetailsPageInTextToImageGeneration</td>
<td><div><pre>java.lang.Throwable: Method TC_002_DataDrivenTestingFillTargetGroupDetailsPageInTextToImageGeneration.DataDrivenTestingFillTargetGroupDetailsPageInTextToImageGeneration(java.lang.String,java.lang.String,java.lang.String,java.lang.String,java.lang.String,java.lang.String,java.lang.String,java.lang.String,java.lang.String,java.lang.String,java.lang.String,java.lang.String,java.lang.String,java.lang.String,java.lang.String,java.lang.String,java.lang.String,java.lang.String,java.lang.String)[pri:0, instance:tesrCases.TC_002_DataDrivenTestingFillTargetGroupDetailsPageInTextToImageGeneration@a486d78] depends on not successfully finished methods
	at java.base/java.util.ArrayList.forEach(ArrayList.java:1596)
... Removed 18 stack frames</pre></div><a href='#' onClick='toggleBox("stack-trace256084228", this, "Click to show all stack frames", "Click to hide stack frames")'>Click to show all stack frames</a>
<div class='stack-trace' id='stack-trace256084228'><pre>java.lang.Throwable: Method TC_002_DataDrivenTestingFillTargetGroupDetailsPageInTextToImageGeneration.DataDrivenTestingFillTargetGroupDetailsPageInTextToImageGeneration(java.lang.String,java.lang.String,java.lang.String,java.lang.String,java.lang.String,java.lang.String,java.lang.String,java.lang.String,java.lang.String,java.lang.String,java.lang.String,java.lang.String,java.lang.String,java.lang.String,java.lang.String,java.lang.String,java.lang.String,java.lang.String,java.lang.String)[pri:0, instance:tesrCases.TC_002_DataDrivenTestingFillTargetGroupDetailsPageInTextToImageGeneration@a486d78] depends on not successfully finished methods
	at org.testng.internal.TestInvoker.invokeTestMethods(TestInvoker.java:102)
	at org.testng.internal.TestMethodWorker.invokeTestMethods(TestMethodWorker.java:146)
	at org.testng.internal.TestMethodWorker.run(TestMethodWorker.java:128)
	at java.base/java.util.ArrayList.forEach(ArrayList.java:1596)
	at org.testng.TestRunner.privateRun(TestRunner.java:794)
	at org.testng.TestRunner.run(TestRunner.java:596)
	at org.testng.SuiteRunner.runTest(SuiteRunner.java:377)
	at org.testng.SuiteRunner.runSequentially(SuiteRunner.java:371)
	at org.testng.SuiteRunner.privateRun(SuiteRunner.java:332)
	at org.testng.SuiteRunner.run(SuiteRunner.java:276)
	at org.testng.SuiteRunnerWorker.runSuite(SuiteRunnerWorker.java:53)
	at org.testng.SuiteRunnerWorker.run(SuiteRunnerWorker.java:96)
	at org.testng.TestNG.runSuitesSequentially(TestNG.java:1212)
	at org.testng.TestNG.runSuitesLocally(TestNG.java:1134)
	at org.testng.TestNG.runSuites(TestNG.java:1063)
	at org.testng.TestNG.run(TestNG.java:1031)
	at org.testng.remote.AbstractRemoteTestNG.run(AbstractRemoteTestNG.java:115)
	at org.testng.remote.RemoteTestNG.initAndRun(RemoteTestNG.java:293)
	at org.testng.remote.RemoteTestNG.main(RemoteTestNG.java:91)
</pre></div></td>
<td>0</td>
<td>tesrCases.TC_002_DataDrivenTestingFillTargetGroupDetailsPageInTextToImageGeneration@a486d78</td></tr>
<tr>
<td title='tesrCases.TC_006_DataDrivenTestingMediaChannelsSelectionPageInTextToImageGeneration.DataDrivenTestingMediaChannelsSelectionPageInTextToImageGeneration()'><b>DataDrivenTestingMediaChannelsSelectionPageInTextToImageGeneration</b><br>Test class: tesrCases.TC_006_DataDrivenTestingMediaChannelsSelectionPageInTextToImageGeneration</td>
<td><div><pre>java.lang.Throwable: Method TC_006_DataDrivenTestingMediaChannelsSelectionPageInTextToImageGeneration.DataDrivenTestingMediaChannelsSelectionPageInTextToImageGeneration(java.lang.String,java.lang.String,java.lang.String,java.lang.String,java.lang.String,java.lang.String,java.lang.String,java.lang.String,java.lang.String,java.lang.String,java.lang.String,java.lang.String,java.lang.String,java.lang.String,java.lang.String,java.lang.String,java.lang.String,java.lang.String,java.lang.String)[pri:0, instance:tesrCases.TC_006_DataDrivenTestingMediaChannelsSelectionPageInTextToImageGeneration@4c36250e] depends on not successfully finished methods
	at java.base/java.util.ArrayList.forEach(ArrayList.java:1596)
... Removed 18 stack frames</pre></div><a href='#' onClick='toggleBox("stack-trace948315053", this, "Click to show all stack frames", "Click to hide stack frames")'>Click to show all stack frames</a>
<div class='stack-trace' id='stack-trace948315053'><pre>java.lang.Throwable: Method TC_006_DataDrivenTestingMediaChannelsSelectionPageInTextToImageGeneration.DataDrivenTestingMediaChannelsSelectionPageInTextToImageGeneration(java.lang.String,java.lang.String,java.lang.String,java.lang.String,java.lang.String,java.lang.String,java.lang.String,java.lang.String,java.lang.String,java.lang.String,java.lang.String,java.lang.String,java.lang.String,java.lang.String,java.lang.String,java.lang.String,java.lang.String,java.lang.String,java.lang.String)[pri:0, instance:tesrCases.TC_006_DataDrivenTestingMediaChannelsSelectionPageInTextToImageGeneration@4c36250e] depends on not successfully finished methods
	at org.testng.internal.TestInvoker.invokeTestMethods(TestInvoker.java:102)
	at org.testng.internal.TestMethodWorker.invokeTestMethods(TestMethodWorker.java:146)
	at org.testng.internal.TestMethodWorker.run(TestMethodWorker.java:128)
	at java.base/java.util.ArrayList.forEach(ArrayList.java:1596)
	at org.testng.TestRunner.privateRun(TestRunner.java:794)
	at org.testng.TestRunner.run(TestRunner.java:596)
	at org.testng.SuiteRunner.runTest(SuiteRunner.java:377)
	at org.testng.SuiteRunner.runSequentially(SuiteRunner.java:371)
	at org.testng.SuiteRunner.privateRun(SuiteRunner.java:332)
	at org.testng.SuiteRunner.run(SuiteRunner.java:276)
	at org.testng.SuiteRunnerWorker.runSuite(SuiteRunnerWorker.java:53)
	at org.testng.SuiteRunnerWorker.run(SuiteRunnerWorker.java:96)
	at org.testng.TestNG.runSuitesSequentially(TestNG.java:1212)
	at org.testng.TestNG.runSuitesLocally(TestNG.java:1134)
	at org.testng.TestNG.runSuites(TestNG.java:1063)
	at org.testng.TestNG.run(TestNG.java:1031)
	at org.testng.remote.AbstractRemoteTestNG.run(AbstractRemoteTestNG.java:115)
	at org.testng.remote.RemoteTestNG.initAndRun(RemoteTestNG.java:293)
	at org.testng.remote.RemoteTestNG.main(RemoteTestNG.java:91)
</pre></div></td>
<td>0</td>
<td>tesrCases.TC_006_DataDrivenTestingMediaChannelsSelectionPageInTextToImageGeneration@4c36250e</td></tr>
<tr>
<td title='tesrCases.TC_007_DataDrivenTestingCreativeDesignSelectionPageInTextToImageGeneration.DataDrivenTestingCreativeDesignSelectionPageInTextToImageGeneration()'><b>DataDrivenTestingCreativeDesignSelectionPageInTextToImageGeneration</b><br>Test class: tesrCases.TC_007_DataDrivenTestingCreativeDesignSelectionPageInTextToImageGeneration</td>
<td><div><pre>java.lang.Throwable: Method TC_007_DataDrivenTestingCreativeDesignSelectionPageInTextToImageGeneration.DataDrivenTestingCreativeDesignSelectionPageInTextToImageGeneration(java.lang.String,java.lang.String,java.lang.String,java.lang.String,java.lang.String,java.lang.String,java.lang.String,java.lang.String,java.lang.String,java.lang.String,java.lang.String,java.lang.String,java.lang.String,java.lang.String,java.lang.String,java.lang.String,java.lang.String,java.lang.String,java.lang.String)[pri:0, instance:tesrCases.TC_007_DataDrivenTestingCreativeDesignSelectionPageInTextToImageGeneration@21526f6c] depends on not successfully finished methods
	at java.base/java.util.ArrayList.forEach(ArrayList.java:1596)
... Removed 18 stack frames</pre></div><a href='#' onClick='toggleBox("stack-trace998458782", this, "Click to show all stack frames", "Click to hide stack frames")'>Click to show all stack frames</a>
<div class='stack-trace' id='stack-trace998458782'><pre>java.lang.Throwable: Method TC_007_DataDrivenTestingCreativeDesignSelectionPageInTextToImageGeneration.DataDrivenTestingCreativeDesignSelectionPageInTextToImageGeneration(java.lang.String,java.lang.String,java.lang.String,java.lang.String,java.lang.String,java.lang.String,java.lang.String,java.lang.String,java.lang.String,java.lang.String,java.lang.String,java.lang.String,java.lang.String,java.lang.String,java.lang.String,java.lang.String,java.lang.String,java.lang.String,java.lang.String)[pri:0, instance:tesrCases.TC_007_DataDrivenTestingCreativeDesignSelectionPageInTextToImageGeneration@21526f6c] depends on not successfully finished methods
	at org.testng.internal.TestInvoker.invokeTestMethods(TestInvoker.java:102)
	at org.testng.internal.TestMethodWorker.invokeTestMethods(TestMethodWorker.java:146)
	at org.testng.internal.TestMethodWorker.run(TestMethodWorker.java:128)
	at java.base/java.util.ArrayList.forEach(ArrayList.java:1596)
	at org.testng.TestRunner.privateRun(TestRunner.java:794)
	at org.testng.TestRunner.run(TestRunner.java:596)
	at org.testng.SuiteRunner.runTest(SuiteRunner.java:377)
	at org.testng.SuiteRunner.runSequentially(SuiteRunner.java:371)
	at org.testng.SuiteRunner.privateRun(SuiteRunner.java:332)
	at org.testng.SuiteRunner.run(SuiteRunner.java:276)
	at org.testng.SuiteRunnerWorker.runSuite(SuiteRunnerWorker.java:53)
	at org.testng.SuiteRunnerWorker.run(SuiteRunnerWorker.java:96)
	at org.testng.TestNG.runSuitesSequentially(TestNG.java:1212)
	at org.testng.TestNG.runSuitesLocally(TestNG.java:1134)
	at org.testng.TestNG.runSuites(TestNG.java:1063)
	at org.testng.TestNG.run(TestNG.java:1031)
	at org.testng.remote.AbstractRemoteTestNG.run(AbstractRemoteTestNG.java:115)
	at org.testng.remote.RemoteTestNG.initAndRun(RemoteTestNG.java:293)
	at org.testng.remote.RemoteTestNG.main(RemoteTestNG.java:91)
</pre></div></td>
<td>0</td>
<td>tesrCases.TC_007_DataDrivenTestingCreativeDesignSelectionPageInTextToImageGeneration@21526f6c</td></tr>
<tr>
<td title='tesrCases.TC_004_DataDrivenTestingBrandSelectionPageInTextToImageGeneration.DataDrivenTestingBrandSelectionPageInTextToImageGeneration()'><b>DataDrivenTestingBrandSelectionPageInTextToImageGeneration</b><br>Test class: tesrCases.TC_004_DataDrivenTestingBrandSelectionPageInTextToImageGeneration</td>
<td><div><pre>java.lang.Throwable: Method TC_004_DataDrivenTestingBrandSelectionPageInTextToImageGeneration.DataDrivenTestingBrandSelectionPageInTextToImageGeneration(java.lang.String,java.lang.String,java.lang.String,java.lang.String,java.lang.String,java.lang.String,java.lang.String,java.lang.String,java.lang.String,java.lang.String,java.lang.String,java.lang.String,java.lang.String,java.lang.String,java.lang.String,java.lang.String,java.lang.String,java.lang.String,java.lang.String)[pri:0, instance:tesrCases.TC_004_DataDrivenTestingBrandSelectionPageInTextToImageGeneration@7ef2d7a6] depends on not successfully finished methods
	at java.base/java.util.ArrayList.forEach(ArrayList.java:1596)
... Removed 18 stack frames</pre></div><a href='#' onClick='toggleBox("stack-trace1505774574", this, "Click to show all stack frames", "Click to hide stack frames")'>Click to show all stack frames</a>
<div class='stack-trace' id='stack-trace1505774574'><pre>java.lang.Throwable: Method TC_004_DataDrivenTestingBrandSelectionPageInTextToImageGeneration.DataDrivenTestingBrandSelectionPageInTextToImageGeneration(java.lang.String,java.lang.String,java.lang.String,java.lang.String,java.lang.String,java.lang.String,java.lang.String,java.lang.String,java.lang.String,java.lang.String,java.lang.String,java.lang.String,java.lang.String,java.lang.String,java.lang.String,java.lang.String,java.lang.String,java.lang.String,java.lang.String)[pri:0, instance:tesrCases.TC_004_DataDrivenTestingBrandSelectionPageInTextToImageGeneration@7ef2d7a6] depends on not successfully finished methods
	at org.testng.internal.TestInvoker.invokeTestMethods(TestInvoker.java:102)
	at org.testng.internal.TestMethodWorker.invokeTestMethods(TestMethodWorker.java:146)
	at org.testng.internal.TestMethodWorker.run(TestMethodWorker.java:128)
	at java.base/java.util.ArrayList.forEach(ArrayList.java:1596)
	at org.testng.TestRunner.privateRun(TestRunner.java:794)
	at org.testng.TestRunner.run(TestRunner.java:596)
	at org.testng.SuiteRunner.runTest(SuiteRunner.java:377)
	at org.testng.SuiteRunner.runSequentially(SuiteRunner.java:371)
	at org.testng.SuiteRunner.privateRun(SuiteRunner.java:332)
	at org.testng.SuiteRunner.run(SuiteRunner.java:276)
	at org.testng.SuiteRunnerWorker.runSuite(SuiteRunnerWorker.java:53)
	at org.testng.SuiteRunnerWorker.run(SuiteRunnerWorker.java:96)
	at org.testng.TestNG.runSuitesSequentially(TestNG.java:1212)
	at org.testng.TestNG.runSuitesLocally(TestNG.java:1134)
	at org.testng.TestNG.runSuites(TestNG.java:1063)
	at org.testng.TestNG.run(TestNG.java:1031)
	at org.testng.remote.AbstractRemoteTestNG.run(AbstractRemoteTestNG.java:115)
	at org.testng.remote.RemoteTestNG.initAndRun(RemoteTestNG.java:293)
	at org.testng.remote.RemoteTestNG.main(RemoteTestNG.java:91)
</pre></div></td>
<td>0</td>
<td>tesrCases.TC_004_DataDrivenTestingBrandSelectionPageInTextToImageGeneration@7ef2d7a6</td></tr>
</table><p>
</body>
</html>