<?xml version="1.0" encoding="UTF-8"?>
<!-- Generated by org.testng.reporters.JUnitXMLReporter -->
<testsuite ignored="7" hostname="Harishankar" failures="3" tests="9" name="Gen Test - Row 2" time="13.001" errors="0" timestamp="2024-10-09T11:16:12 IST">
  <testcase classname="tesrCases.TC_001_DataDrivenTestingFillBrandingDetailsPageInTextToImageGeneration" name="DataDrivenTestingFillBrandingDetailsPageInTextToImageGeneration" time="0.0">
    <failure type="java.lang.NullPointerException" message="Cannot invoke &amp;quot;java.util.List.size()&amp;quot; because &amp;quot;this.brandList&amp;quot; is null">
      <![CDATA[java.lang.NullPointerException: Cannot invoke "java.util.List.size()" because "this.brandList" is null
at pageObjects.Addbrandinfo.<init>(Addbrandinfo.java:563)
at tesrCases.CommonBrandingDetailsPageTextToImageGeneration.BrandingDetailsPageInTextToImage(CommonBrandingDetailsPageTextToImageGeneration.java:13)
at tesrCases.TC_001_DataDrivenTestingFillBrandingDetailsPageInTextToImageGeneration.DataDrivenTestingFillBrandingDetailsPageInTextToImageGeneration(TC_001_DataDrivenTestingFillBrandingDetailsPageInTextToImageGeneration.java:26)
at java.base/java.util.ArrayList.forEach(ArrayList.java:1596)
... Removed 25 stack frames]]>
    </failure>
  </testcase> <!-- DataDrivenTestingFillBrandingDetailsPageInTextToImageGeneration -->
  <testcase classname="tesrCases.TC_002_DataDrivenTestingFillTargetGroupDetailsPageInTextToImageGeneration" name="DataDrivenTestingFillTargetGroupDetailsPageInTextToImageGeneration" time="0.0">
    <skipped/>
  </testcase> <!-- DataDrivenTestingFillTargetGroupDetailsPageInTextToImageGeneration -->
  <testcase classname="tesrCases.TC_003_DataDrivenTestingFillProductDetailsPageInTextToImageGeneration" name="DataDrivenTestingFillProductDetailsPageInTextToImageGeneration" time="0.0">
    <skipped/>
  </testcase> <!-- DataDrivenTestingFillProductDetailsPageInTextToImageGeneration -->
  <testcase classname="tesrCases.TC_004_DataDrivenTestingBrandSelectionPageInTextToImageGeneration" name="DataDrivenTestingBrandSelectionPageInTextToImageGeneration" time="0.0">
    <skipped/>
  </testcase> <!-- DataDrivenTestingBrandSelectionPageInTextToImageGeneration -->
  <testcase classname="tesrCases.TC_005_DataDrivenTestingCampaignOverviewDetailsPageInTextToImageGeneration" name="DataDrivenTestingCampaignOverviewDetailsPageInTextToImageGeneration" time="0.0">
    <skipped/>
  </testcase> <!-- DataDrivenTestingCampaignOverviewDetailsPageInTextToImageGeneration -->
  <testcase classname="tesrCases.TC_006_DataDrivenTestingMediaChannelsSelectionPageInTextToImageGeneration" name="DataDrivenTestingMediaChannelsSelectionPageInTextToImageGeneration" time="0.0">
    <skipped/>
  </testcase> <!-- DataDrivenTestingMediaChannelsSelectionPageInTextToImageGeneration -->
  <testcase classname="tesrCases.TC_007_DataDrivenTestingCreativeDesignSelectionPageInTextToImageGeneration" name="DataDrivenTestingCreativeDesignSelectionPageInTextToImageGeneration" time="0.0">
    <skipped/>
  </testcase> <!-- DataDrivenTestingCreativeDesignSelectionPageInTextToImageGeneration -->
  <testcase classname="tesrCases.TC_008_PostImageGenerationTest" name="likeGeneratedImageFunctionalityTest" time="11.733">
    <failure type="org.openqa.selenium.json.JsonException" message="java.lang.reflect.InvocationTargetException
Build info: version: &amp;apos;4.24.0&amp;apos;, revision: &amp;apos;748ffc9bc3&amp;apos;
System info: os.name: &amp;apos;Windows 11&amp;apos;, os.arch: &amp;apos;amd64&amp;apos;, os.version: &amp;apos;10.0&amp;apos;, java.version: &amp;apos;21.0.4&amp;apos;
Driver info: org.openqa.selenium.chrome.ChromeDriver
Command: [fa07d4e52d6b94fa98066bad1d561659, actions {actions=[org.openqa.selenium.interactions.Sequence@41fa769c]}]
Capabilities {acceptInsecureCerts: false, browserName: chrome, browserVersion: 129.0.6668.90, chrome: {chromedriverVersion: 129.0.6668.91 (b00bc8b76d60..., userDataDir: C:\Users\HP\AppData\Local\T...}, fedcm:accounts: true, goog:chromeOptions: {debuggerAddress: localhost:57245}, networkConnectionEnabled: false, pageLoadStrategy: normal, platformName: windows, proxy: Proxy(), se:cdp: ws://localhost:57245/devtoo..., se:cdpVersion: 129.0.6668.90, setWindowRect: true, strictFileInteractability: false, timeouts: {implicit: 0, pageLoad: 300000, script: 30000}, unhandledPromptBehavior: dismiss and notify, webauthn:extension:credBlob: true, webauthn:extension:largeBlob: true, webauthn:extension:minPinLength: true, webauthn:extension:prf: true, webauthn:virtualAuthenticators: true}
Session ID: fa07d4e52d6b94fa98066bad1d561659">
      <![CDATA[org.openqa.selenium.json.JsonException: java.lang.reflect.InvocationTargetException
Build info: version: '4.24.0', revision: '748ffc9bc3'
System info: os.name: 'Windows 11', os.arch: 'amd64', os.version: '10.0', java.version: '21.0.4'
Driver info: org.openqa.selenium.chrome.ChromeDriver
Command: [fa07d4e52d6b94fa98066bad1d561659, actions {actions=[org.openqa.selenium.interactions.Sequence@41fa769c]}]
Capabilities {acceptInsecureCerts: false, browserName: chrome, browserVersion: 129.0.6668.90, chrome: {chromedriverVersion: 129.0.6668.91 (b00bc8b76d60..., userDataDir: C:\Users\HP\AppData\Local\T...}, fedcm:accounts: true, goog:chromeOptions: {debuggerAddress: localhost:57245}, networkConnectionEnabled: false, pageLoadStrategy: normal, platformName: windows, proxy: Proxy(), se:cdp: ws://localhost:57245/devtoo..., se:cdpVersion: 129.0.6668.90, setWindowRect: true, strictFileInteractability: false, timeouts: {implicit: 0, pageLoad: 300000, script: 30000}, unhandledPromptBehavior: dismiss and notify, webauthn:extension:credBlob: true, webauthn:extension:largeBlob: true, webauthn:extension:minPinLength: true, webauthn:extension:prf: true, webauthn:virtualAuthenticators: true}
Session ID: fa07d4e52d6b94fa98066bad1d561659
at org.openqa.selenium.json.JsonOutput.convertUsingMethod(JsonOutput.java:520)
at org.openqa.selenium.json.JsonOutput.lambda$new$16(JsonOutput.java:182)
at org.openqa.selenium.json.JsonOutput.write0(JsonOutput.java:409)
at org.openqa.selenium.json.JsonOutput.lambda$new$22(JsonOutput.java:204)
at java.base/java.util.stream.ForEachOps$ForEachOp$OfRef.accept(ForEachOps.java:184)
at java.base/java.util.stream.ReferencePipeline$2$1.accept(ReferencePipeline.java:179)
at java.base/java.util.Iterator.forEachRemaining(Iterator.java:133)
at java.base/java.util.Spliterators$IteratorSpliterator.forEachRemaining(Spliterators.java:1939)
at java.base/java.util.stream.AbstractPipeline.copyInto(AbstractPipeline.java:509)
at java.base/java.util.stream.AbstractPipeline.wrapAndCopyInto(AbstractPipeline.java:499)
at java.base/java.util.stream.ForEachOps$ForEachOp.evaluateSequential(ForEachOps.java:151)
at java.base/java.util.stream.ForEachOps$ForEachOp$OfRef.evaluateSequential(ForEachOps.java:174)
at java.base/java.util.stream.AbstractPipeline.evaluate(AbstractPipeline.java:234)
at java.base/java.util.stream.ReferencePipeline.forEach(ReferencePipeline.java:596)
at org.openqa.selenium.json.JsonOutput.lambda$new$23(JsonOutput.java:204)
at org.openqa.selenium.json.JsonOutput.write0(JsonOutput.java:409)
at org.openqa.selenium.json.JsonOutput.lambda$new$24(JsonOutput.java:222)
at java.base/java.util.Map.forEach(Map.java:733)
at org.openqa.selenium.json.JsonOutput.lambda$new$25(JsonOutput.java:217)
at org.openqa.selenium.json.JsonOutput.write0(JsonOutput.java:409)
at org.openqa.selenium.json.JsonOutput.write(JsonOutput.java:400)
at org.openqa.selenium.json.Json.toJson(Json.java:133)
at org.openqa.selenium.json.Json.toJson(Json.java:119)
at org.openqa.selenium.remote.codec.AbstractHttpCommandCodec.encode(AbstractHttpCommandCodec.java:245)
at org.openqa.selenium.remote.codec.AbstractHttpCommandCodec.encode(AbstractHttpCommandCodec.java:111)
at org.openqa.selenium.remote.HttpCommandExecutor.execute(HttpCommandExecutor.java:178)
at org.openqa.selenium.remote.service.DriverCommandExecutor.invokeExecute(DriverCommandExecutor.java:216)
at org.openqa.selenium.remote.service.DriverCommandExecutor.execute(DriverCommandExecutor.java:174)
at org.openqa.selenium.remote.RemoteWebDriver.execute(RemoteWebDriver.java:545)
at org.openqa.selenium.remote.RemoteWebDriver.perform(RemoteWebDriver.java:631)
at org.openqa.selenium.interactions.Actions$BuiltAction.perform(Actions.java:613)
at org.openqa.selenium.interactions.Actions.perform(Actions.java:578)
at pageObjects.ImageGeneratedPage.clickOnLikeButtonAfterImageGenerated(ImageGeneratedPage.java:152)
at tesrCases.TC_008_PostImageGenerationTest.likeGeneratedImageFunctionalityTest(TC_008_PostImageGenerationTest.java:19)
at java.base/java.util.ArrayList.forEach(ArrayList.java:1596)
Suppressed: org.openqa.selenium.json.JsonException: Attempting to close incomplete json stream
Build info: version: '4.24.0', revision: '748ffc9bc3'
System info: os.name: 'Windows 11', os.arch: 'amd64', os.version: '10.0', java.version: '21.0.4'
Driver info: driver.version: RemoteWebDriver
at org.openqa.selenium.json.JsonOutput.close(JsonOutput.java:431)
at org.openqa.selenium.json.Json.toJson(Json.java:131)
... 38 more
at org.openqa.selenium.json.JsonOutput.convertUsingMethod(JsonOutput.java:516)
... 59 more
Caused by: org.openqa.selenium.NoSuchElementException: Unable to find element with locator By.xpath: //span[text()='Campaign :']
For documentation on this error, please visit: https://www.selenium.dev/documentation/webdriver/troubleshooting/errors#no-such-element-exception
Build info: version: '4.24.0', revision: '748ffc9bc3'
System info: os.name: 'Windows 11', os.arch: 'amd64', os.version: '10.0', java.version: '21.0.4'
Driver info: driver.version: RemoteWebDriver
at org.openqa.selenium.remote.ElementLocation$ElementFinder$2.findElement(ElementLocation.java:168)
at org.openqa.selenium.remote.ElementLocation.findElement(ElementLocation.java:59)
at org.openqa.selenium.remote.RemoteWebDriver.findElement(RemoteWebDriver.java:368)
at org.openqa.selenium.remote.RemoteWebDriver.findElement(RemoteWebDriver.java:362)
at org.openqa.selenium.support.pagefactory.DefaultElementLocator.findElement(DefaultElementLocator.java:68)
at org.openqa.selenium.support.pagefactory.internal.LocatingElementHandler.invoke(LocatingElementHandler.java:38)
at jdk.proxy2/jdk.proxy2.$Proxy29.getWrappedElement(Unknown Source)
at org.openqa.selenium.interactions.PointerInput$Origin.asArg(PointerInput.java:259)
at org.openqa.selenium.interactions.PointerInput$Move.encode(PointerInput.java:208)
at org.openqa.selenium.interactions.Sequence.encode(Sequence.java:72)
at org.openqa.selenium.interactions.Sequence.toJson(Sequence.java:81)
... 61 more
... Removed 29 stack frames]]>
    </failure>
  </testcase> <!-- likeGeneratedImageFunctionalityTest -->
  <testcase classname="tesrCases.TC_008_PostImageGenerationTest" name="likeGeneratedImageFunctionalityTest" time="11.764">
    <failure type="java.lang.IllegalArgumentException" message="ScreenCapture path must not be null or empty">
      <![CDATA[java.lang.IllegalArgumentException: ScreenCapture path must not be null or empty
at com.aventstack.extentreports.util.Assert.notEmpty(Assert.java:12)
at com.aventstack.extentreports.ExtentTest.addScreenCaptureFromPath(ExtentTest.java:1100)
at com.aventstack.extentreports.ExtentTest.addScreenCaptureFromPath(ExtentTest.java:1108)
at utilities.ExtentReportManager.onTestFailure(ExtentReportManager.java:68)
at java.base/java.util.ArrayList.forEach(ArrayList.java:1596)
... Removed 24 stack frames]]>
    </failure>
  </testcase> <!-- likeGeneratedImageFunctionalityTest -->
  <testcase classname="testBase.BaseClass" name="@BeforeSuite launchingApplication" time="0.0">
    <ignored/>
  </testcase> <!-- @BeforeSuite launchingApplication -->
  <testcase classname="testBase.BaseClass" name="@BeforeSuite launchingApplication" time="0.0">
    <ignored/>
  </testcase> <!-- @BeforeSuite launchingApplication -->
  <testcase classname="testBase.BaseClass" name="@BeforeSuite launchingApplication" time="0.0">
    <ignored/>
  </testcase> <!-- @BeforeSuite launchingApplication -->
  <testcase classname="testBase.BaseClass" name="@BeforeSuite launchingApplication" time="0.0">
    <ignored/>
  </testcase> <!-- @BeforeSuite launchingApplication -->
  <testcase classname="testBase.BaseClass" name="@BeforeSuite launchingApplication" time="0.0">
    <ignored/>
  </testcase> <!-- @BeforeSuite launchingApplication -->
  <testcase classname="testBase.BaseClass" name="@BeforeSuite launchingApplication" time="0.0">
    <ignored/>
  </testcase> <!-- @BeforeSuite launchingApplication -->
  <testcase classname="testBase.BaseClass" name="@BeforeSuite launchingApplication" time="0.0">
    <ignored/>
  </testcase> <!-- @BeforeSuite launchingApplication -->
</testsuite> <!-- Gen Test - Row 2 -->
