<?xml version="1.0" encoding="UTF-8"?>
<!-- Generated by org.testng.reporters.JUnitXMLReporter -->
<testsuite ignored="7" hostname="Harishankar" failures="2" tests="8" name="Gen Test - Row 1" time="214.626" errors="0" timestamp="2024-10-09T17:35:06 IST">
  <testcase classname="tesrCases.TC_001_DataDrivenTestingFillBrandingDetailsPageInTextToImageGeneration" name="DataDrivenTestingFillBrandingDetailsPageInTextToImageGeneration" time="8.01"/>
  <testcase classname="tesrCases.TC_002_DataDrivenTestingFillTargetGroupDetailsPageInTextToImageGeneration" name="DataDrivenTestingFillTargetGroupDetailsPageInTextToImageGeneration" time="3.822"/>
  <testcase classname="tesrCases.TC_003_DataDrivenTestingFillProductDetailsPageInTextToImageGeneration" name="DataDrivenTestingFillProductDetailsPageInTextToImageGeneration" time="2.396"/>
  <testcase classname="tesrCases.TC_004_DataDrivenTestingBrandSelectionPageInTextToImageGeneration" name="DataDrivenTestingBrandSelectionPageInTextToImageGeneration" time="5.223"/>
  <testcase classname="tesrCases.TC_005_DataDrivenTestingCampaignOverviewDetailsPageInTextToImageGeneration" name="DataDrivenTestingCampaignOverviewDetailsPageInTextToImageGeneration" time="3.477"/>
  <testcase classname="tesrCases.TC_006_DataDrivenTestingMediaChannelsSelectionPageInTextToImageGeneration" name="DataDrivenTestingMediaChannelsSelectionPageInTextToImageGeneration" time="3.111"/>
  <testcase classname="tesrCases.TC_007_DataDrivenTestingCreativeDesignSelectionPageInTextToImageGeneration" name="DataDrivenTestingCreativeDesignSelectionPageInTextToImageGeneration" time="184.119">
    <failure type="java.lang.RuntimeException" message="An unexpected error occurred while checking image generation status.">
      <![CDATA[java.lang.RuntimeException: An unexpected error occurred while checking image generation status.
at pageObjects.Creativedesign.ImageGenerationStatus(Creativedesign.java:236)
at tesrCases.TC_007_DataDrivenTestingCreativeDesignSelectionPageInTextToImageGeneration.DataDrivenTestingCreativeDesignSelectionPageInTextToImageGeneration(TC_007_DataDrivenTestingCreativeDesignSelectionPageInTextToImageGeneration.java:23)
at java.base/java.util.ArrayList.forEach(ArrayList.java:1596)
Caused by: org.openqa.selenium.NoSuchWindowException: no such window: target window already closed
from unknown error: web view not found
  (Session info: chrome=129.0.6668.90)
Build info: version: '4.24.0', revision: '748ffc9bc3'
System info: os.name: 'Windows 11', os.arch: 'amd64', os.version: '10.0', java.version: '21.0.4'
Driver info: org.openqa.selenium.chrome.ChromeDriver
Command: [57446e8853a95a8aba0f1c9063536485, findElement {value=//div[@class='slick-list']//img, using=xpath}]
Capabilities {acceptInsecureCerts: false, browserName: chrome, browserVersion: 129.0.6668.90, chrome: {chromedriverVersion: 129.0.6668.91 (b00bc8b76d60..., userDataDir: C:\Users\HP\AppData\Local\T...}, fedcm:accounts: true, goog:chromeOptions: {debuggerAddress: localhost:63294}, networkConnectionEnabled: false, pageLoadStrategy: normal, platformName: windows, proxy: Proxy(), se:cdp: ws://localhost:63294/devtoo..., se:cdpVersion: 129.0.6668.90, setWindowRect: true, strictFileInteractability: false, timeouts: {implicit: 0, pageLoad: 300000, script: 30000}, unhandledPromptBehavior: dismiss and notify, webauthn:extension:credBlob: true, webauthn:extension:largeBlob: true, webauthn:extension:minPinLength: true, webauthn:extension:prf: true, webauthn:virtualAuthenticators: true}
Session ID: 57446e8853a95a8aba0f1c9063536485
at org.openqa.selenium.remote.ErrorCodec.decode(ErrorCodec.java:167)
at org.openqa.selenium.remote.codec.w3c.W3CHttpResponseCodec.decode(W3CHttpResponseCodec.java:138)
at org.openqa.selenium.remote.codec.w3c.W3CHttpResponseCodec.decode(W3CHttpResponseCodec.java:50)
at org.openqa.selenium.remote.HttpCommandExecutor.execute(HttpCommandExecutor.java:190)
at org.openqa.selenium.remote.service.DriverCommandExecutor.invokeExecute(DriverCommandExecutor.java:216)
at org.openqa.selenium.remote.service.DriverCommandExecutor.execute(DriverCommandExecutor.java:174)
at org.openqa.selenium.remote.RemoteWebDriver.execute(RemoteWebDriver.java:545)
at org.openqa.selenium.remote.ElementLocation$ElementFinder$2.findElement(ElementLocation.java:165)
at org.openqa.selenium.remote.ElementLocation.findElement(ElementLocation.java:59)
at org.openqa.selenium.remote.RemoteWebDriver.findElement(RemoteWebDriver.java:368)
at org.openqa.selenium.remote.RemoteWebDriver.findElement(RemoteWebDriver.java:362)
at org.openqa.selenium.support.pagefactory.DefaultElementLocator.findElement(DefaultElementLocator.java:68)
at org.openqa.selenium.support.pagefactory.internal.LocatingElementHandler.invoke(LocatingElementHandler.java:38)
at jdk.proxy2/jdk.proxy2.$Proxy29.toString(Unknown Source)
at java.base/java.lang.String.valueOf(String.java:4465)
at org.openqa.selenium.support.ui.ExpectedConditions$10.toString(ExpectedConditions.java:295)
at java.base/java.lang.String.valueOf(String.java:4465)
at org.openqa.selenium.support.ui.FluentWait.until(FluentWait.java:225)
at pageObjects.Creativedesign.ImageGenerationStatus(Creativedesign.java:218)
... 27 more
... Removed 28 stack frames]]>
    </failure>
  </testcase> <!-- DataDrivenTestingCreativeDesignSelectionPageInTextToImageGeneration -->
  <testcase classname="tesrCases.TC_007_DataDrivenTestingCreativeDesignSelectionPageInTextToImageGeneration" name="DataDrivenTestingCreativeDesignSelectionPageInTextToImageGeneration" time="184.398">
    <failure type="java.lang.IllegalArgumentException" message="ScreenCapture path must not be null or empty">
      <![CDATA[java.lang.IllegalArgumentException: ScreenCapture path must not be null or empty
at com.aventstack.extentreports.util.Assert.notEmpty(Assert.java:12)
at com.aventstack.extentreports.ExtentTest.addScreenCaptureFromPath(ExtentTest.java:1100)
at com.aventstack.extentreports.ExtentTest.addScreenCaptureFromPath(ExtentTest.java:1108)
at utilities.ExtentReportManager.onTestFailure(ExtentReportManager.java:68)
at java.base/java.util.ArrayList.forEach(ArrayList.java:1596)
... Removed 24 stack frames]]>
    </failure>
  </testcase> <!-- DataDrivenTestingCreativeDesignSelectionPageInTextToImageGeneration -->
  <testcase classname="testBase.BaseClass" name="@BeforeSuite launchingApplication" time="0.0">
    <ignored/>
  </testcase> <!-- @BeforeSuite launchingApplication -->
  <testcase classname="testBase.BaseClass" name="@BeforeSuite launchingApplication" time="0.0">
    <ignored/>
  </testcase> <!-- @BeforeSuite launchingApplication -->
  <testcase classname="testBase.BaseClass" name="@BeforeSuite launchingApplication" time="0.0">
    <ignored/>
  </testcase> <!-- @BeforeSuite launchingApplication -->
  <testcase classname="testBase.BaseClass" name="@BeforeSuite launchingApplication" time="0.0">
    <ignored/>
  </testcase> <!-- @BeforeSuite launchingApplication -->
  <testcase classname="testBase.BaseClass" name="@BeforeSuite launchingApplication" time="0.0">
    <ignored/>
  </testcase> <!-- @BeforeSuite launchingApplication -->
  <testcase classname="testBase.BaseClass" name="@BeforeSuite launchingApplication" time="0.0">
    <ignored/>
  </testcase> <!-- @BeforeSuite launchingApplication -->
  <testcase classname="testBase.BaseClass" name="@BeforeSuite launchingApplication" time="0.0">
    <ignored/>
  </testcase> <!-- @BeforeSuite launchingApplication -->
</testsuite> <!-- Gen Test - Row 1 -->
