<?xml version="1.0" encoding="UTF-8"?>
<!-- Generated by org.testng.reporters.JUnitXMLReporter -->
<testsuite ignored="0" hostname="Harishankar" failures="4" tests="5" name="Test" time="89.57" errors="0" timestamp="2024-09-06T15:34:11 IST">
  <testcase classname="tesrCases.Gen" name="ImageGanerationtext" time="22.126">
    <failure type="java.lang.RuntimeException" message="An unexpected error occurred while loading Branding details page">
      <![CDATA[java.lang.RuntimeException: An unexpected error occurred while loading Branding details page
at pageObjects.Addbrandinfo.AddNewbrandbutton(Addbrandinfo.java:157)
at tesrCases.Gen.ImageGanerationtext(Gen.java:53)
at java.base/java.util.ArrayList.forEach(ArrayList.java:1511)
Caused by: org.openqa.selenium.ElementClickInterceptedException: element click intercepted: Element is not clickable at point (229, 774)
  (Session info: chrome=128.0.6613.120)
Build info: version: '4.24.0', revision: '748ffc9bc3'
System info: os.name: 'Windows 11', os.arch: 'amd64', os.version: '10.0', java.version: '19.0.1'
Driver info: org.openqa.selenium.chrome.ChromeDriver
Command: [1ecb5551fe7522acfb7909cf878482f0, clickElement {id=f.A7F2CF8A7E35511CC7531810E888626C.d.7A286201D35F9465E9188C93B1BEA848.e.89}]
Capabilities {acceptInsecureCerts: false, browserName: chrome, browserVersion: 128.0.6613.120, chrome: {chromedriverVersion: 128.0.6613.119 (6e439cfca4d..., userDataDir: C:\Users\HP\AppData\Local\T...}, fedcm:accounts: true, goog:chromeOptions: {debuggerAddress: localhost:55169}, networkConnectionEnabled: false, pageLoadStrategy: normal, platformName: windows, proxy: Proxy(), se:cdp: ws://localhost:55169/devtoo..., se:cdpVersion: 128.0.6613.120, setWindowRect: true, strictFileInteractability: false, timeouts: {implicit: 0, pageLoad: 300000, script: 30000}, unhandledPromptBehavior: dismiss and notify, webauthn:extension:credBlob: true, webauthn:extension:largeBlob: true, webauthn:extension:minPinLength: true, webauthn:extension:prf: true, webauthn:virtualAuthenticators: true}
Element: [[ChromeDriver: chrome on windows (1ecb5551fe7522acfb7909cf878482f0)] -> xpath: //button[normalize-space()='+ Add New']]
Session ID: 1ecb5551fe7522acfb7909cf878482f0
at org.openqa.selenium.remote.ErrorCodec.decode(ErrorCodec.java:167)
at org.openqa.selenium.remote.codec.w3c.W3CHttpResponseCodec.decode(W3CHttpResponseCodec.java:138)
at org.openqa.selenium.remote.codec.w3c.W3CHttpResponseCodec.decode(W3CHttpResponseCodec.java:50)
at org.openqa.selenium.remote.HttpCommandExecutor.execute(HttpCommandExecutor.java:190)
at org.openqa.selenium.remote.service.DriverCommandExecutor.invokeExecute(DriverCommandExecutor.java:216)
at org.openqa.selenium.remote.service.DriverCommandExecutor.execute(DriverCommandExecutor.java:174)
at org.openqa.selenium.remote.RemoteWebDriver.execute(RemoteWebDriver.java:545)
at org.openqa.selenium.remote.RemoteWebElement.execute(RemoteWebElement.java:223)
at org.openqa.selenium.remote.RemoteWebElement.click(RemoteWebElement.java:76)
at org.openqa.selenium.support.pagefactory.internal.LocatingElementHandler.invoke(LocatingElementHandler.java:51)
at jdk.proxy2/jdk.proxy2.$Proxy29.click(Unknown Source)
at pageObjects.Addbrandinfo.AddNewbrandbutton(Addbrandinfo.java:148)
... 27 more
... Removed 30 stack frames]]>
    </failure>
  </testcase> <!-- ImageGanerationtext -->
  <testcase classname="tesrCases.PostImageGenerationTest" name="verifyImageRegeneration" time="10.37">
    <failure type="java.lang.AssertionError" message="Image regeneration is not working. Screenshot saved at: C:\Users\HP\eclipse-workspace\NYX.today\Screenshots\ImageRegenerationFailed_20240906033341.png">
      <![CDATA[java.lang.AssertionError: Image regeneration is not working. Screenshot saved at: C:\Users\HP\eclipse-workspace\NYX.today\Screenshots\ImageRegenerationFailed_20240906033341.png
at tesrCases.PostImageGenerationTest.verifyImageRegeneration(PostImageGenerationTest.java:91)
at java.base/java.util.ArrayList.forEach(ArrayList.java:1511)
... Removed 26 stack frames]]>
    </failure>
  </testcase> <!-- verifyImageRegeneration -->
  <testcase classname="tesrCases.PostImageGenerationTest" name="testRevealPromptButtonFunctionality" time="10.084">
    <failure type="java.lang.ArrayIndexOutOfBoundsException" message="Index 0 out of bounds for length 0">
      <![CDATA[java.lang.ArrayIndexOutOfBoundsException: Index 0 out of bounds for length 0
at tesrCases.PostImageGenerationTest.testRevealPromptButtonFunctionality(PostImageGenerationTest.java:28)
at java.base/java.util.ArrayList.forEach(ArrayList.java:1511)
... Removed 25 stack frames]]>
    </failure>
  </testcase> <!-- testRevealPromptButtonFunctionality -->
  <testcase classname="tesrCases.PostImageGenerationTest" name="testOpenWithBrandCanvasFunctionality" time="10.272">
    <failure type="java.lang.AssertionError" message="Open With Brand Canvas page not displayed or Brand Canvas Text not displayed. Screenshot saved at: C:\Users\HP\eclipse-workspace\NYX.today\Screenshots\OpenWithBrandCanvasPagenotDispalyed_20240906033401.png">
      <![CDATA[java.lang.AssertionError: Open With Brand Canvas page not displayed or Brand Canvas Text not displayed. Screenshot saved at: C:\Users\HP\eclipse-workspace\NYX.today\Screenshots\OpenWithBrandCanvasPagenotDispalyed_20240906033401.png
at tesrCases.PostImageGenerationTest.testOpenWithBrandCanvasFunctionality(PostImageGenerationTest.java:62)
at java.base/java.util.ArrayList.forEach(ArrayList.java:1511)
... Removed 26 stack frames]]>
    </failure>
  </testcase> <!-- testOpenWithBrandCanvasFunctionality -->
  <testcase classname="tesrCases.PostImageGenerationTest" name="saveGeneratedImageFunctionalityTest" time="10.226"/>
</testsuite> <!-- Test -->
