<?xml version="1.0" encoding="UTF-8"?>
<!-- Generated by org.testng.reporters.JUnitXMLReporter -->
<testsuite ignored="0" hostname="Harishankar" failures="1" tests="1" name="Gen Test" time="123.998" errors="0" timestamp="2024-09-19T00:23:58 IST">
  <testcase classname="tesrCases.TC_001_DataDrivenTesting_Text_to_ImageGeneration" name="ImageGanerationtext" time="68.865">
    <failure type="java.lang.AssertionError" message="Test failed during brand: EcoBlend. Error details saved at: C:\Users\HP\eclipse-workspace\qa-automatiom\Screenshots\Error_Iteration_EcoBlend_20240919122351.png">
      <![CDATA[java.lang.AssertionError: Test failed during brand: EcoBlend. Error details saved at: C:\Users\HP\eclipse-workspace\qa-automatiom\Screenshots\Error_Iteration_EcoBlend_20240919122351.png
at tesrCases.TC_001_DataDrivenTesting_Text_to_ImageGeneration.ImageGanerationtext(TC_001_DataDrivenTesting_Text_to_ImageGeneration.java:114)
at java.base/java.util.ArrayList.forEach(ArrayList.java:1596)
... Removed 30 stack frames]]>
    </failure>
  </testcase> <!-- ImageGanerationtext -->
</testsuite> <!-- Gen Test -->
