<?xml version="1.0" encoding="UTF-8"?>
<!-- Generated by org.testng.reporters.JUnitXMLReporter -->
<testsuite ignored="1" hostname="Harishankar" failures="1" tests="2" name="Test Cases Execution" time="30.591" errors="0" timestamp="2024-09-04T18:36:38 IST">
  <testcase classname="tesrCases.TC001_LogInPage" name="validLoginTest" time="10.576"/>
  <testcase classname="tesrCases.TC002_BrandInfoTest" name="addBrandInfo" time="1.165">
    <failure type="org.openqa.selenium.ElementClickInterceptedException" message="element click intercepted: Element &amp;lt;a class=&amp;quot;inline-flex  justify-center items-center gap-3 font-semibold rounded-[30px] border-2 text-[#FFC01D] border-[#FFC01D] h-12 hover:bg-[#FFC01D]  p-5 border-solid cursor-pointer hover:text-black&amp;quot; href=&amp;quot;/apphome/vingupta3/app-imagecraft-ai&amp;quot;&amp;gt;...&amp;lt;/a&amp;gt; is not clickable at point (257, 625). Other element would receive the click: &amp;lt;div class=&amp;quot;ReactModal__Overlay ReactModal__Overlay--after-open&amp;quot; style=&amp;quot;position: fixed; inset: 0px; background-color: rgba(0, 0, 0, 0.5); z-index: 99;&amp;quot;&amp;gt;...&amp;lt;/div&amp;gt;
  (Session info: chrome=128.0.6613.119)
Build info: version: &amp;apos;4.24.0&amp;apos;, revision: &amp;apos;748ffc9bc3&amp;apos;
System info: os.name: &amp;apos;Windows 11&amp;apos;, os.arch: &amp;apos;amd64&amp;apos;, os.version: &amp;apos;10.0&amp;apos;, java.version: &amp;apos;19.0.1&amp;apos;
Driver info: org.openqa.selenium.chrome.ChromeDriver
Command: [1b4b22eb24848d34dd369777e86c2ba1, clickElement {id=f.ECA57F7A12BA7354520A8BB30B50F72E.d.CAEE054B6DB5E0EF49FEFCFDF2DCE12F.e.66}]
Capabilities {acceptInsecureCerts: false, browserName: chrome, browserVersion: 128.0.6613.119, chrome: {chromedriverVersion: 128.0.6613.119 (6e439cfca4d..., userDataDir: C:\Users\HP\AppData\Local\T...}, fedcm:accounts: true, goog:chromeOptions: {debuggerAddress: localhost:56222}, networkConnectionEnabled: false, pageLoadStrategy: normal, platformName: windows, proxy: Proxy(), se:cdp: ws://localhost:56222/devtoo..., se:cdpVersion: 128.0.6613.119, setWindowRect: true, strictFileInteractability: false, timeouts: {implicit: 0, pageLoad: 300000, script: 30000}, unhandledPromptBehavior: dismiss and notify, webauthn:extension:credBlob: true, webauthn:extension:largeBlob: true, webauthn:extension:minPinLength: true, webauthn:extension:prf: true, webauthn:virtualAuthenticators: true}
Element: [[ChromeDriver: chrome on windows (1b4b22eb24848d34dd369777e86c2ba1)] -&amp;gt; xpath: //a[contains(text(),&amp;apos;ImageCraft AI&amp;apos;)]]
Session ID: 1b4b22eb24848d34dd369777e86c2ba1">
      <![CDATA[org.openqa.selenium.ElementClickInterceptedException: element click intercepted: Element <a class="inline-flex  justify-center items-center gap-3 font-semibold rounded-[30px] border-2 text-[#FFC01D] border-[#FFC01D] h-12 hover:bg-[#FFC01D]  p-5 border-solid cursor-pointer hover:text-black" href="/apphome/vingupta3/app-imagecraft-ai">...</a> is not clickable at point (257, 625). Other element would receive the click: <div class="ReactModal__Overlay ReactModal__Overlay--after-open" style="position: fixed; inset: 0px; background-color: rgba(0, 0, 0, 0.5); z-index: 99;">...</div>
  (Session info: chrome=128.0.6613.119)
Build info: version: '4.24.0', revision: '748ffc9bc3'
System info: os.name: 'Windows 11', os.arch: 'amd64', os.version: '10.0', java.version: '19.0.1'
Driver info: org.openqa.selenium.chrome.ChromeDriver
Command: [1b4b22eb24848d34dd369777e86c2ba1, clickElement {id=f.ECA57F7A12BA7354520A8BB30B50F72E.d.CAEE054B6DB5E0EF49FEFCFDF2DCE12F.e.66}]
Capabilities {acceptInsecureCerts: false, browserName: chrome, browserVersion: 128.0.6613.119, chrome: {chromedriverVersion: 128.0.6613.119 (6e439cfca4d..., userDataDir: C:\Users\HP\AppData\Local\T...}, fedcm:accounts: true, goog:chromeOptions: {debuggerAddress: localhost:56222}, networkConnectionEnabled: false, pageLoadStrategy: normal, platformName: windows, proxy: Proxy(), se:cdp: ws://localhost:56222/devtoo..., se:cdpVersion: 128.0.6613.119, setWindowRect: true, strictFileInteractability: false, timeouts: {implicit: 0, pageLoad: 300000, script: 30000}, unhandledPromptBehavior: dismiss and notify, webauthn:extension:credBlob: true, webauthn:extension:largeBlob: true, webauthn:extension:minPinLength: true, webauthn:extension:prf: true, webauthn:virtualAuthenticators: true}
Element: [[ChromeDriver: chrome on windows (1b4b22eb24848d34dd369777e86c2ba1)] -> xpath: //a[contains(text(),'ImageCraft AI')]]
Session ID: 1b4b22eb24848d34dd369777e86c2ba1
at org.openqa.selenium.remote.ErrorCodec.decode(ErrorCodec.java:167)
at org.openqa.selenium.remote.codec.w3c.W3CHttpResponseCodec.decode(W3CHttpResponseCodec.java:138)
at org.openqa.selenium.remote.codec.w3c.W3CHttpResponseCodec.decode(W3CHttpResponseCodec.java:50)
at org.openqa.selenium.remote.HttpCommandExecutor.execute(HttpCommandExecutor.java:190)
at org.openqa.selenium.remote.service.DriverCommandExecutor.invokeExecute(DriverCommandExecutor.java:216)
at org.openqa.selenium.remote.service.DriverCommandExecutor.execute(DriverCommandExecutor.java:174)
at org.openqa.selenium.remote.RemoteWebDriver.execute(RemoteWebDriver.java:545)
at org.openqa.selenium.remote.RemoteWebElement.execute(RemoteWebElement.java:223)
at org.openqa.selenium.remote.RemoteWebElement.click(RemoteWebElement.java:76)
at org.openqa.selenium.support.pagefactory.internal.LocatingElementHandler.invoke(LocatingElementHandler.java:51)
at jdk.proxy2/jdk.proxy2.$Proxy28.click(Unknown Source)
at pageObjects.Homepage.HomeimageCraftAI(Homepage.java:35)
at tesrCases.TC002_BrandInfoTest.addBrandInfo(TC002_BrandInfoTest.java:45)
at java.base/java.util.ArrayList.forEach(ArrayList.java:1511)
... Removed 30 stack frames]]>
    </failure>
  </testcase> <!-- addBrandInfo -->
  <testcase classname="tesrCases.TC001_LogInPage" name="emptyCredentialsTest" time="0.0">
    <ignored/>
  </testcase> <!-- emptyCredentialsTest -->
</testsuite> <!-- Test Cases Execution -->
