<?xml version="1.0" encoding="UTF-8"?>
<!-- Generated by org.testng.reporters.JUnitXMLReporter -->
<testsuite ignored="3" hostname="Harishankar" failures="4" tests="4" name="ImageToImage - Row 1" time="196.448" errors="0" timestamp="2024-10-08T13:43:50 IST">
  <testcase classname="tesrCases.TC_10_DataDrivenTesting_ProductNameTextFieldPageInImageToImageGeneration" name="DataDrivenTesting_ProductNameTextFieldPageInImageToImageGeneration" time="3.635">
    <failure type="java.lang.AssertionError" message="Product Image page is not displayed! expected [true] but found [false]">
      <![CDATA[java.lang.AssertionError: Product Image page is not displayed! expected [true] but found [false]
at tesrCases.TC_10_DataDrivenTesting_ProductNameTextFieldPageInImageToImageGeneration.DataDrivenTesting_ProductNameTextFieldPageInImageToImageGeneration(TC_10_DataDrivenTesting_ProductNameTextFieldPageInImageToImageGeneration.java:24)
at java.base/java.util.ArrayList.forEach(ArrayList.java:1596)
... Removed 28 stack frames]]>
    </failure>
  </testcase> <!-- DataDrivenTesting_ProductNameTextFieldPageInImageToImageGeneration -->
  <testcase classname="tesrCases.TC_11_DataDrivenTesting_ProductImagePageInImageToImageGeneration" name="DataDrivenTesting_ProductImagePageInImageToImageGeneration" time="6.216">
    <failure type="java.lang.AssertionError" message="Image Backdrops page is not displayed! expected [true] but found [false]">
      <![CDATA[java.lang.AssertionError: Image Backdrops page is not displayed! expected [true] but found [false]
at tesrCases.TC_11_DataDrivenTesting_ProductImagePageInImageToImageGeneration.DataDrivenTesting_ProductImagePageInImageToImageGeneration(TC_11_DataDrivenTesting_ProductImagePageInImageToImageGeneration.java:24)
at java.base/java.util.ArrayList.forEach(ArrayList.java:1596)
... Removed 28 stack frames]]>
    </failure>
  </testcase> <!-- DataDrivenTesting_ProductImagePageInImageToImageGeneration -->
  <testcase classname="tesrCases.TC_12_DataDrivenTesting_ImageBackdropsFillDataPagInImageToImagePage" name="DataDrivenTesting_ImageBackdropsFillDataPagInImageToImagePage" time="180.513">
    <failure type="java.lang.RuntimeException" message="An unexpected error occurred while checking image generation status.">
      <![CDATA[java.lang.RuntimeException: An unexpected error occurred while checking image generation status.
at pageObjects.Creativedesign.ImageGenerationStatus(Creativedesign.java:226)
at tesrCases.TC_12_DataDrivenTesting_ImageBackdropsFillDataPagInImageToImagePage.DataDrivenTesting_ImageBackdropsFillDataPagInImageToImagePage(TC_12_DataDrivenTesting_ImageBackdropsFillDataPagInImageToImagePage.java:25)
at java.base/java.util.ArrayList.forEach(ArrayList.java:1596)
Caused by: org.openqa.selenium.NoSuchWindowException: no such window: target window already closed
from unknown error: web view not found
  (Session info: chrome=129.0.6668.90)
Build info: version: '4.24.0', revision: '748ffc9bc3'
System info: os.name: 'Windows 11', os.arch: 'amd64', os.version: '10.0', java.version: '21.0.4'
Driver info: org.openqa.selenium.chrome.ChromeDriver
Command: [b96d6ca0e6625e5ccbfad61885a4494c, findElement {value=//div[@class='slick-list']//img, using=xpath}]
Capabilities {acceptInsecureCerts: false, browserName: chrome, browserVersion: 129.0.6668.90, chrome: {chromedriverVersion: 129.0.6668.89 (951c0b97221f..., userDataDir: C:\Users\HP\AppData\Local\T...}, fedcm:accounts: true, goog:chromeOptions: {debuggerAddress: localhost:59509}, networkConnectionEnabled: false, pageLoadStrategy: normal, platformName: windows, proxy: Proxy(), se:cdp: ws://localhost:59509/devtoo..., se:cdpVersion: 129.0.6668.90, setWindowRect: true, strictFileInteractability: false, timeouts: {implicit: 0, pageLoad: 300000, script: 30000}, unhandledPromptBehavior: dismiss and notify, webauthn:extension:credBlob: true, webauthn:extension:largeBlob: true, webauthn:extension:minPinLength: true, webauthn:extension:prf: true, webauthn:virtualAuthenticators: true}
Session ID: b96d6ca0e6625e5ccbfad61885a4494c
at org.openqa.selenium.remote.ErrorCodec.decode(ErrorCodec.java:167)
at org.openqa.selenium.remote.codec.w3c.W3CHttpResponseCodec.decode(W3CHttpResponseCodec.java:138)
at org.openqa.selenium.remote.codec.w3c.W3CHttpResponseCodec.decode(W3CHttpResponseCodec.java:50)
at org.openqa.selenium.remote.HttpCommandExecutor.execute(HttpCommandExecutor.java:190)
at org.openqa.selenium.remote.service.DriverCommandExecutor.invokeExecute(DriverCommandExecutor.java:216)
at org.openqa.selenium.remote.service.DriverCommandExecutor.execute(DriverCommandExecutor.java:174)
at org.openqa.selenium.remote.RemoteWebDriver.execute(RemoteWebDriver.java:545)
at org.openqa.selenium.remote.ElementLocation$ElementFinder$2.findElement(ElementLocation.java:165)
at org.openqa.selenium.remote.ElementLocation.findElement(ElementLocation.java:59)
at org.openqa.selenium.remote.RemoteWebDriver.findElement(RemoteWebDriver.java:368)
at org.openqa.selenium.remote.RemoteWebDriver.findElement(RemoteWebDriver.java:362)
at org.openqa.selenium.support.pagefactory.DefaultElementLocator.findElement(DefaultElementLocator.java:68)
at org.openqa.selenium.support.pagefactory.internal.LocatingElementHandler.invoke(LocatingElementHandler.java:38)
at jdk.proxy2/jdk.proxy2.$Proxy29.toString(Unknown Source)
at java.base/java.lang.String.valueOf(String.java:4465)
at org.openqa.selenium.support.ui.ExpectedConditions$10.toString(ExpectedConditions.java:295)
at java.base/java.lang.String.valueOf(String.java:4465)
at org.openqa.selenium.support.ui.FluentWait.until(FluentWait.java:225)
at pageObjects.Creativedesign.ImageGenerationStatus(Creativedesign.java:208)
... 27 more
... Removed 28 stack frames]]>
    </failure>
  </testcase> <!-- DataDrivenTesting_ImageBackdropsFillDataPagInImageToImagePage -->
  <testcase classname="tesrCases.TC_12_DataDrivenTesting_ImageBackdropsFillDataPagInImageToImagePage" name="DataDrivenTesting_ImageBackdropsFillDataPagInImageToImagePage" time="180.969">
    <failure type="java.lang.IllegalArgumentException" message="ScreenCapture path must not be null or empty">
      <![CDATA[java.lang.IllegalArgumentException: ScreenCapture path must not be null or empty
at com.aventstack.extentreports.util.Assert.notEmpty(Assert.java:12)
at com.aventstack.extentreports.ExtentTest.addScreenCaptureFromPath(ExtentTest.java:1100)
at com.aventstack.extentreports.ExtentTest.addScreenCaptureFromPath(ExtentTest.java:1108)
at utilities.ExtentReportManager.onTestFailure(ExtentReportManager.java:68)
at java.base/java.util.ArrayList.forEach(ArrayList.java:1596)
... Removed 24 stack frames]]>
    </failure>
  </testcase> <!-- DataDrivenTesting_ImageBackdropsFillDataPagInImageToImagePage -->
  <testcase classname="testBase.BaseClass" name="@BeforeSuite launchingApplication" time="0.0">
    <ignored/>
  </testcase> <!-- @BeforeSuite launchingApplication -->
  <testcase classname="testBase.BaseClass" name="@BeforeSuite launchingApplication" time="0.0">
    <ignored/>
  </testcase> <!-- @BeforeSuite launchingApplication -->
  <testcase classname="testBase.BaseClass" name="@BeforeSuite launchingApplication" time="0.0">
    <ignored/>
  </testcase> <!-- @BeforeSuite launchingApplication -->
</testsuite> <!-- ImageToImage - Row 1 -->
