<!DOCTYPE html>

<html>
  <head>
  <meta charset='utf-8'>
  <title>TestNG reports</title>

    <link type="text/css" href="testng-reports1.css" rel="stylesheet" id="ultra" />
    <link type="text/css" href="testng-reports.css" rel="stylesheet" id="retro" disabled="false"/>
    <script type="text/javascript" src="jquery.min.js"></script>
    <script type="text/javascript" src="testng-reports.js"></script>
    <script type="text/javascript" src="https://www.google.com/jsapi"></script>
    <script type='text/javascript'>
      google.load('visualization', '1', {packages:['table']});
      google.setOnLoadCallback(drawTable);
      var suiteTableInitFunctions = new Array();
      var suiteTableData = new Array();
    </script>
    <!--
      <script type="text/javascript" src="jquery-ui/js/jquery-ui-1.8.16.custom.min.js"></script>
     -->
  </head>

  <body>
    <div class="top-banner-root">
      <span class="top-banner-title-font">Test results</span>
      <button id="button" class="button">Switch Retro Theme</button> <!-- button -->
      <br/>
      <span class="top-banner-font-1">1 suite</span>
    </div> <!-- top-banner-root -->
    <div class="navigator-root">
      <div class="navigator-suite-header">
        <span>All suites</span>
        <a href="#" title="Collapse/expand all the suites" class="collapse-all-link">
          <img src="collapseall.gif" class="collapse-all-icon">
          </img> <!-- collapse-all-icon -->
        </a> <!-- collapse-all-link -->
      </div> <!-- navigator-suite-header -->
      <div class="suite">
        <div class="rounded-window">
          <div class="suite-header light-rounded-window-top">
            <a href="#" panel-name="suite-Suite" class="navigator-link">
              <span class="suite-name border-skipped">Suite</span>
            </a> <!-- navigator-link -->
          </div> <!-- suite-header light-rounded-window-top -->
          <div class="navigator-suite-content">
            <div class="suite-section-title">
              <span>Info</span>
            </div> <!-- suite-section-title -->
            <div class="suite-section-content">
              <ul>
                <li>
                  <a href="#" panel-name="test-xml-Suite" class="navigator-link ">
                    <span>C:\Users\HP\eclipse-workspace\qa-automatiom\masters.xml</span>
                  </a> <!-- navigator-link  -->
                </li>
                <li>
                  <a href="#" panel-name="testlist-Suite" class="navigator-link ">
                    <span class="test-stats">1 test</span>
                  </a> <!-- navigator-link  -->
                </li>
                <li>
                  <a href="#" panel-name="group-Suite" class="navigator-link ">
                    <span>0 groups</span>
                  </a> <!-- navigator-link  -->
                </li>
                <li>
                  <a href="#" panel-name="times-Suite" class="navigator-link ">
                    <span>Times</span>
                  </a> <!-- navigator-link  -->
                </li>
                <li>
                  <a href="#" panel-name="reporter-Suite" class="navigator-link ">
                    <span>Reporter output</span>
                  </a> <!-- navigator-link  -->
                </li>
                <li>
                  <a href="#" panel-name="ignored-methods-Suite" class="navigator-link ">
                    <span>Ignored methods</span>
                  </a> <!-- navigator-link  -->
                </li>
                <li>
                  <a href="#" panel-name="chronological-Suite" class="navigator-link ">
                    <span>Chronological view</span>
                  </a> <!-- navigator-link  -->
                </li>
              </ul>
            </div> <!-- suite-section-content -->
            <div class="result-section">
              <div class="suite-section-title">
                <span>Results</span>
              </div> <!-- suite-section-title -->
              <div class="suite-section-content">
                <ul>
                  <li>
                    <span class="method-stats">12 methods,  12 skipped,  </span>
                  </li>
                  <li>
                    <span class="method-list-title skipped">Skipped methods</span>
                    <span class="show-or-hide-methods skipped">
                      <a href="#" panel-name="suite-Suite" class="hide-methods skipped suite-Suite"> (hide)</a> <!-- hide-methods skipped suite-Suite -->
                      <a href="#" panel-name="suite-Suite" class="show-methods skipped suite-Suite"> (show)</a> <!-- show-methods skipped suite-Suite -->
                    </span>
                    <div class="method-list-content skipped suite-Suite">
                      <span>
                        <img src="skipped.png" width="3%"/>
                        <a href="#" panel-name="suite-Suite" title="tesrCases.TC_004_DataDrivenTestingBrandSelectionPageInTextToImageGeneration" class="method navigator-link" hash-for-method="DataDrivenTestingBrandSelectionPageInTextToImageGeneration">DataDrivenTestingBrandSelectionPageInTextToImageGeneration</a> <!-- method navigator-link -->
                      </span>
                      <br/>
                      <span>
                        <img src="skipped.png" width="3%"/>
                        <a href="#" panel-name="suite-Suite" title="tesrCases.TC_005_DataDrivenTestingCampaignOverviewDetailsPageInTextToImageGeneration" class="method navigator-link" hash-for-method="DataDrivenTestingCampaignOverviewDetailsPageInTextToImageGeneration">DataDrivenTestingCampaignOverviewDetailsPageInTextToImageGeneration</a> <!-- method navigator-link -->
                      </span>
                      <br/>
                      <span>
                        <img src="skipped.png" width="3%"/>
                        <a href="#" panel-name="suite-Suite" title="tesrCases.TC_007_DataDrivenTestingCreativeDesignSelectionPageInTextToImageGeneration" class="method navigator-link" hash-for-method="DataDrivenTestingCreativeDesignSelectionPageInTextToImageGeneration">DataDrivenTestingCreativeDesignSelectionPageInTextToImageGeneration</a> <!-- method navigator-link -->
                      </span>
                      <br/>
                      <span>
                        <img src="skipped.png" width="3%"/>
                        <a href="#" panel-name="suite-Suite" title="tesrCases.TC_001_DataDrivenTestingFillBrandingDetailsPageInTextToImageGeneration" class="method navigator-link" hash-for-method="DataDrivenTestingFillBrandingDetailsPageInTextToImageGeneration(BrandA, Real Estate, Innovating technology solutions that seamlessly integrate with your lifestyle.,...)">DataDrivenTestingFillBrandingDetailsPageInTextToImageGeneration(BrandA, Real Estate, Innovating technology solutions that seamlessly integrate with your lifestyle.,...)</a> <!-- method navigator-link -->
                      </span>
                      <br/>
                      <span>
                        <img src="skipped.png" width="3%"/>
                        <a href="#" panel-name="suite-Suite" title="tesrCases.TC_003_DataDrivenTestingFillProductDetailsPageInTextToImageGeneration" class="method navigator-link" hash-for-method="DataDrivenTestingFillProductDetailsPageInTextToImageGeneration">DataDrivenTestingFillProductDetailsPageInTextToImageGeneration</a> <!-- method navigator-link -->
                      </span>
                      <br/>
                      <span>
                        <img src="skipped.png" width="3%"/>
                        <a href="#" panel-name="suite-Suite" title="tesrCases.TC_002_DataDrivenTestingFillTargetGroupDetailsPageInTextToImageGeneration" class="method navigator-link" hash-for-method="DataDrivenTestingFillTargetGroupDetailsPageInTextToImageGeneration">DataDrivenTestingFillTargetGroupDetailsPageInTextToImageGeneration</a> <!-- method navigator-link -->
                      </span>
                      <br/>
                      <span>
                        <img src="skipped.png" width="3%"/>
                        <a href="#" panel-name="suite-Suite" title="tesrCases.TC_006_DataDrivenTestingMediaChannelsSelectionPageInTextToImageGeneration" class="method navigator-link" hash-for-method="DataDrivenTestingMediaChannelsSelectionPageInTextToImageGeneration">DataDrivenTestingMediaChannelsSelectionPageInTextToImageGeneration</a> <!-- method navigator-link -->
                      </span>
                      <br/>
                      <span>
                        <img src="skipped.png" width="3%"/>
                        <a href="#" panel-name="suite-Suite" title="tesrCases.TC_008_PostImageGenerationTest" class="method navigator-link" hash-for-method="dislikeGeneratedImageFunctionalityTest">dislikeGeneratedImageFunctionalityTest</a> <!-- method navigator-link -->
                      </span>
                      <br/>
                      <span>
                        <img src="skipped.png" width="3%"/>
                        <a href="#" panel-name="suite-Suite" title="tesrCases.TC_008_PostImageGenerationTest" class="method navigator-link" hash-for-method="likeGeneratedImageFunctionalityTest">likeGeneratedImageFunctionalityTest</a> <!-- method navigator-link -->
                      </span>
                      <br/>
                      <span>
                        <img src="skipped.png" width="3%"/>
                        <a href="#" panel-name="suite-Suite" title="tesrCases.TC_008_PostImageGenerationTest" class="method navigator-link" hash-for-method="saveGeneratedImageFunctionalityTest">saveGeneratedImageFunctionalityTest</a> <!-- method navigator-link -->
                      </span>
                      <br/>
                      <span>
                        <img src="skipped.png" width="3%"/>
                        <a href="#" panel-name="suite-Suite" title="tesrCases.TC_008_PostImageGenerationTest" class="method navigator-link" hash-for-method="testRevealPromptButtonFunctionality">testRevealPromptButtonFunctionality</a> <!-- method navigator-link -->
                      </span>
                      <br/>
                      <span>
                        <img src="skipped.png" width="3%"/>
                        <a href="#" panel-name="suite-Suite" title="tesrCases.TC_008_PostImageGenerationTest" class="method navigator-link" hash-for-method="verifyImageRegeneration">verifyImageRegeneration</a> <!-- method navigator-link -->
                      </span>
                      <br/>
                    </div> <!-- method-list-content skipped suite-Suite -->
                  </li>
                </ul>
              </div> <!-- suite-section-content -->
            </div> <!-- result-section -->
          </div> <!-- navigator-suite-content -->
        </div> <!-- rounded-window -->
      </div> <!-- suite -->
    </div> <!-- navigator-root -->
    <div class="wrapper">
      <div class="main-panel-root">
        <div panel-name="suite-Suite" class="panel Suite">
          <div class="suite-Suite-class-skipped">
            <div class="main-panel-header rounded-window-top">
              <img src="skipped.png"/>
              <span class="class-name">tesrCases.TC_008_PostImageGenerationTest</span>
            </div> <!-- main-panel-header rounded-window-top -->
            <div class="main-panel-content rounded-window-bottom">
              <div class="method">
                <div class="method-content">
                  <a name="dislikeGeneratedImageFunctionalityTest">
                  </a> <!-- dislikeGeneratedImageFunctionalityTest -->
                  <span class="method-name">dislikeGeneratedImageFunctionalityTest</span>
                  <div class="stack-trace">org.openqa.selenium.NoSuchWindowException: no such window: target window already closed
from unknown error: web view not found
  (Session info: chrome=129.0.6668.90)
Build info: version: &apos;4.24.0&apos;, revision: &apos;748ffc9bc3&apos;
System info: os.name: &apos;Windows 11&apos;, os.arch: &apos;amd64&apos;, os.version: &apos;10.0&apos;, java.version: &apos;21.0.4&apos;
Driver info: org.openqa.selenium.chrome.ChromeDriver
Command: [a60c07b3dd6a196358010c9a6a79e4d2, maximizeCurrentWindow {}]
Capabilities {acceptInsecureCerts: false, browserName: chrome, browserVersion: 129.0.6668.90, chrome: {chromedriverVersion: 129.0.6668.91 (b00bc8b76d60..., userDataDir: C:\Users\HP\AppData\Local\T...}, fedcm:accounts: true, goog:chromeOptions: {debuggerAddress: localhost:62953}, networkConnectionEnabled: false, pageLoadStrategy: normal, platformName: windows, proxy: Proxy(), se:cdp: ws://localhost:62953/devtoo..., se:cdpVersion: 129.0.6668.90, setWindowRect: true, strictFileInteractability: false, timeouts: {implicit: 0, pageLoad: 300000, script: 30000}, unhandledPromptBehavior: dismiss and notify, webauthn:extension:credBlob: true, webauthn:extension:largeBlob: true, webauthn:extension:minPinLength: true, webauthn:extension:prf: true, webauthn:virtualAuthenticators: true}
Session ID: a60c07b3dd6a196358010c9a6a79e4d2
	at org.openqa.selenium.remote.ErrorCodec.decode(ErrorCodec.java:167)
	at org.openqa.selenium.remote.codec.w3c.W3CHttpResponseCodec.decode(W3CHttpResponseCodec.java:138)
	at org.openqa.selenium.remote.codec.w3c.W3CHttpResponseCodec.decode(W3CHttpResponseCodec.java:50)
	at org.openqa.selenium.remote.HttpCommandExecutor.execute(HttpCommandExecutor.java:190)
	at org.openqa.selenium.remote.service.DriverCommandExecutor.invokeExecute(DriverCommandExecutor.java:216)
	at org.openqa.selenium.remote.service.DriverCommandExecutor.execute(DriverCommandExecutor.java:174)
	at org.openqa.selenium.remote.RemoteWebDriver.execute(RemoteWebDriver.java:545)
	at org.openqa.selenium.remote.RemoteWebDriver.execute(RemoteWebDriver.java:618)
	at org.openqa.selenium.remote.RemoteWebDriver.execute(RemoteWebDriver.java:622)
	at org.openqa.selenium.remote.RemoteWebDriver$RemoteWebDriverOptions$RemoteWindow.maximize(RemoteWebDriver.java:1061)
	at testBase.BaseClass.configureDriver(BaseClass.java:109)
	at testBase.BaseClass.launchingApplication(BaseClass.java:55)
... Removed 20 stack frames
</div> <!-- stack-trace -->
                </div> <!-- method-content -->
              </div> <!-- method -->
              <div class="method">
                <div class="method-content">
                  <a name="likeGeneratedImageFunctionalityTest">
                  </a> <!-- likeGeneratedImageFunctionalityTest -->
                  <span class="method-name">likeGeneratedImageFunctionalityTest</span>
                  <div class="stack-trace">org.openqa.selenium.NoSuchWindowException: no such window: target window already closed
from unknown error: web view not found
  (Session info: chrome=129.0.6668.90)
Build info: version: &apos;4.24.0&apos;, revision: &apos;748ffc9bc3&apos;
System info: os.name: &apos;Windows 11&apos;, os.arch: &apos;amd64&apos;, os.version: &apos;10.0&apos;, java.version: &apos;21.0.4&apos;
Driver info: org.openqa.selenium.chrome.ChromeDriver
Command: [a60c07b3dd6a196358010c9a6a79e4d2, maximizeCurrentWindow {}]
Capabilities {acceptInsecureCerts: false, browserName: chrome, browserVersion: 129.0.6668.90, chrome: {chromedriverVersion: 129.0.6668.91 (b00bc8b76d60..., userDataDir: C:\Users\HP\AppData\Local\T...}, fedcm:accounts: true, goog:chromeOptions: {debuggerAddress: localhost:62953}, networkConnectionEnabled: false, pageLoadStrategy: normal, platformName: windows, proxy: Proxy(), se:cdp: ws://localhost:62953/devtoo..., se:cdpVersion: 129.0.6668.90, setWindowRect: true, strictFileInteractability: false, timeouts: {implicit: 0, pageLoad: 300000, script: 30000}, unhandledPromptBehavior: dismiss and notify, webauthn:extension:credBlob: true, webauthn:extension:largeBlob: true, webauthn:extension:minPinLength: true, webauthn:extension:prf: true, webauthn:virtualAuthenticators: true}
Session ID: a60c07b3dd6a196358010c9a6a79e4d2
	at org.openqa.selenium.remote.ErrorCodec.decode(ErrorCodec.java:167)
	at org.openqa.selenium.remote.codec.w3c.W3CHttpResponseCodec.decode(W3CHttpResponseCodec.java:138)
	at org.openqa.selenium.remote.codec.w3c.W3CHttpResponseCodec.decode(W3CHttpResponseCodec.java:50)
	at org.openqa.selenium.remote.HttpCommandExecutor.execute(HttpCommandExecutor.java:190)
	at org.openqa.selenium.remote.service.DriverCommandExecutor.invokeExecute(DriverCommandExecutor.java:216)
	at org.openqa.selenium.remote.service.DriverCommandExecutor.execute(DriverCommandExecutor.java:174)
	at org.openqa.selenium.remote.RemoteWebDriver.execute(RemoteWebDriver.java:545)
	at org.openqa.selenium.remote.RemoteWebDriver.execute(RemoteWebDriver.java:618)
	at org.openqa.selenium.remote.RemoteWebDriver.execute(RemoteWebDriver.java:622)
	at org.openqa.selenium.remote.RemoteWebDriver$RemoteWebDriverOptions$RemoteWindow.maximize(RemoteWebDriver.java:1061)
	at testBase.BaseClass.configureDriver(BaseClass.java:109)
	at testBase.BaseClass.launchingApplication(BaseClass.java:55)
... Removed 20 stack frames
</div> <!-- stack-trace -->
                </div> <!-- method-content -->
              </div> <!-- method -->
              <div class="method">
                <div class="method-content">
                  <a name="saveGeneratedImageFunctionalityTest">
                  </a> <!-- saveGeneratedImageFunctionalityTest -->
                  <span class="method-name">saveGeneratedImageFunctionalityTest</span>
                  <div class="stack-trace">org.openqa.selenium.NoSuchWindowException: no such window: target window already closed
from unknown error: web view not found
  (Session info: chrome=129.0.6668.90)
Build info: version: &apos;4.24.0&apos;, revision: &apos;748ffc9bc3&apos;
System info: os.name: &apos;Windows 11&apos;, os.arch: &apos;amd64&apos;, os.version: &apos;10.0&apos;, java.version: &apos;21.0.4&apos;
Driver info: org.openqa.selenium.chrome.ChromeDriver
Command: [a60c07b3dd6a196358010c9a6a79e4d2, maximizeCurrentWindow {}]
Capabilities {acceptInsecureCerts: false, browserName: chrome, browserVersion: 129.0.6668.90, chrome: {chromedriverVersion: 129.0.6668.91 (b00bc8b76d60..., userDataDir: C:\Users\HP\AppData\Local\T...}, fedcm:accounts: true, goog:chromeOptions: {debuggerAddress: localhost:62953}, networkConnectionEnabled: false, pageLoadStrategy: normal, platformName: windows, proxy: Proxy(), se:cdp: ws://localhost:62953/devtoo..., se:cdpVersion: 129.0.6668.90, setWindowRect: true, strictFileInteractability: false, timeouts: {implicit: 0, pageLoad: 300000, script: 30000}, unhandledPromptBehavior: dismiss and notify, webauthn:extension:credBlob: true, webauthn:extension:largeBlob: true, webauthn:extension:minPinLength: true, webauthn:extension:prf: true, webauthn:virtualAuthenticators: true}
Session ID: a60c07b3dd6a196358010c9a6a79e4d2
	at org.openqa.selenium.remote.ErrorCodec.decode(ErrorCodec.java:167)
	at org.openqa.selenium.remote.codec.w3c.W3CHttpResponseCodec.decode(W3CHttpResponseCodec.java:138)
	at org.openqa.selenium.remote.codec.w3c.W3CHttpResponseCodec.decode(W3CHttpResponseCodec.java:50)
	at org.openqa.selenium.remote.HttpCommandExecutor.execute(HttpCommandExecutor.java:190)
	at org.openqa.selenium.remote.service.DriverCommandExecutor.invokeExecute(DriverCommandExecutor.java:216)
	at org.openqa.selenium.remote.service.DriverCommandExecutor.execute(DriverCommandExecutor.java:174)
	at org.openqa.selenium.remote.RemoteWebDriver.execute(RemoteWebDriver.java:545)
	at org.openqa.selenium.remote.RemoteWebDriver.execute(RemoteWebDriver.java:618)
	at org.openqa.selenium.remote.RemoteWebDriver.execute(RemoteWebDriver.java:622)
	at org.openqa.selenium.remote.RemoteWebDriver$RemoteWebDriverOptions$RemoteWindow.maximize(RemoteWebDriver.java:1061)
	at testBase.BaseClass.configureDriver(BaseClass.java:109)
	at testBase.BaseClass.launchingApplication(BaseClass.java:55)
... Removed 20 stack frames
</div> <!-- stack-trace -->
                </div> <!-- method-content -->
              </div> <!-- method -->
              <div class="method">
                <div class="method-content">
                  <a name="testRevealPromptButtonFunctionality">
                  </a> <!-- testRevealPromptButtonFunctionality -->
                  <span class="method-name">testRevealPromptButtonFunctionality</span>
                  <div class="stack-trace">org.openqa.selenium.NoSuchWindowException: no such window: target window already closed
from unknown error: web view not found
  (Session info: chrome=129.0.6668.90)
Build info: version: &apos;4.24.0&apos;, revision: &apos;748ffc9bc3&apos;
System info: os.name: &apos;Windows 11&apos;, os.arch: &apos;amd64&apos;, os.version: &apos;10.0&apos;, java.version: &apos;21.0.4&apos;
Driver info: org.openqa.selenium.chrome.ChromeDriver
Command: [a60c07b3dd6a196358010c9a6a79e4d2, maximizeCurrentWindow {}]
Capabilities {acceptInsecureCerts: false, browserName: chrome, browserVersion: 129.0.6668.90, chrome: {chromedriverVersion: 129.0.6668.91 (b00bc8b76d60..., userDataDir: C:\Users\HP\AppData\Local\T...}, fedcm:accounts: true, goog:chromeOptions: {debuggerAddress: localhost:62953}, networkConnectionEnabled: false, pageLoadStrategy: normal, platformName: windows, proxy: Proxy(), se:cdp: ws://localhost:62953/devtoo..., se:cdpVersion: 129.0.6668.90, setWindowRect: true, strictFileInteractability: false, timeouts: {implicit: 0, pageLoad: 300000, script: 30000}, unhandledPromptBehavior: dismiss and notify, webauthn:extension:credBlob: true, webauthn:extension:largeBlob: true, webauthn:extension:minPinLength: true, webauthn:extension:prf: true, webauthn:virtualAuthenticators: true}
Session ID: a60c07b3dd6a196358010c9a6a79e4d2
	at org.openqa.selenium.remote.ErrorCodec.decode(ErrorCodec.java:167)
	at org.openqa.selenium.remote.codec.w3c.W3CHttpResponseCodec.decode(W3CHttpResponseCodec.java:138)
	at org.openqa.selenium.remote.codec.w3c.W3CHttpResponseCodec.decode(W3CHttpResponseCodec.java:50)
	at org.openqa.selenium.remote.HttpCommandExecutor.execute(HttpCommandExecutor.java:190)
	at org.openqa.selenium.remote.service.DriverCommandExecutor.invokeExecute(DriverCommandExecutor.java:216)
	at org.openqa.selenium.remote.service.DriverCommandExecutor.execute(DriverCommandExecutor.java:174)
	at org.openqa.selenium.remote.RemoteWebDriver.execute(RemoteWebDriver.java:545)
	at org.openqa.selenium.remote.RemoteWebDriver.execute(RemoteWebDriver.java:618)
	at org.openqa.selenium.remote.RemoteWebDriver.execute(RemoteWebDriver.java:622)
	at org.openqa.selenium.remote.RemoteWebDriver$RemoteWebDriverOptions$RemoteWindow.maximize(RemoteWebDriver.java:1061)
	at testBase.BaseClass.configureDriver(BaseClass.java:109)
	at testBase.BaseClass.launchingApplication(BaseClass.java:55)
... Removed 20 stack frames
</div> <!-- stack-trace -->
                </div> <!-- method-content -->
              </div> <!-- method -->
              <div class="method">
                <div class="method-content">
                  <a name="verifyImageRegeneration">
                  </a> <!-- verifyImageRegeneration -->
                  <span class="method-name">verifyImageRegeneration</span>
                  <div class="stack-trace">org.openqa.selenium.NoSuchWindowException: no such window: target window already closed
from unknown error: web view not found
  (Session info: chrome=129.0.6668.90)
Build info: version: &apos;4.24.0&apos;, revision: &apos;748ffc9bc3&apos;
System info: os.name: &apos;Windows 11&apos;, os.arch: &apos;amd64&apos;, os.version: &apos;10.0&apos;, java.version: &apos;21.0.4&apos;
Driver info: org.openqa.selenium.chrome.ChromeDriver
Command: [a60c07b3dd6a196358010c9a6a79e4d2, maximizeCurrentWindow {}]
Capabilities {acceptInsecureCerts: false, browserName: chrome, browserVersion: 129.0.6668.90, chrome: {chromedriverVersion: 129.0.6668.91 (b00bc8b76d60..., userDataDir: C:\Users\HP\AppData\Local\T...}, fedcm:accounts: true, goog:chromeOptions: {debuggerAddress: localhost:62953}, networkConnectionEnabled: false, pageLoadStrategy: normal, platformName: windows, proxy: Proxy(), se:cdp: ws://localhost:62953/devtoo..., se:cdpVersion: 129.0.6668.90, setWindowRect: true, strictFileInteractability: false, timeouts: {implicit: 0, pageLoad: 300000, script: 30000}, unhandledPromptBehavior: dismiss and notify, webauthn:extension:credBlob: true, webauthn:extension:largeBlob: true, webauthn:extension:minPinLength: true, webauthn:extension:prf: true, webauthn:virtualAuthenticators: true}
Session ID: a60c07b3dd6a196358010c9a6a79e4d2
	at org.openqa.selenium.remote.ErrorCodec.decode(ErrorCodec.java:167)
	at org.openqa.selenium.remote.codec.w3c.W3CHttpResponseCodec.decode(W3CHttpResponseCodec.java:138)
	at org.openqa.selenium.remote.codec.w3c.W3CHttpResponseCodec.decode(W3CHttpResponseCodec.java:50)
	at org.openqa.selenium.remote.HttpCommandExecutor.execute(HttpCommandExecutor.java:190)
	at org.openqa.selenium.remote.service.DriverCommandExecutor.invokeExecute(DriverCommandExecutor.java:216)
	at org.openqa.selenium.remote.service.DriverCommandExecutor.execute(DriverCommandExecutor.java:174)
	at org.openqa.selenium.remote.RemoteWebDriver.execute(RemoteWebDriver.java:545)
	at org.openqa.selenium.remote.RemoteWebDriver.execute(RemoteWebDriver.java:618)
	at org.openqa.selenium.remote.RemoteWebDriver.execute(RemoteWebDriver.java:622)
	at org.openqa.selenium.remote.RemoteWebDriver$RemoteWebDriverOptions$RemoteWindow.maximize(RemoteWebDriver.java:1061)
	at testBase.BaseClass.configureDriver(BaseClass.java:109)
	at testBase.BaseClass.launchingApplication(BaseClass.java:55)
... Removed 20 stack frames
</div> <!-- stack-trace -->
                </div> <!-- method-content -->
              </div> <!-- method -->
            </div> <!-- main-panel-content rounded-window-bottom -->
          </div> <!-- suite-Suite-class-skipped -->
          <div class="suite-Suite-class-skipped">
            <div class="main-panel-header rounded-window-top">
              <img src="skipped.png"/>
              <span class="class-name">tesrCases.TC_004_DataDrivenTestingBrandSelectionPageInTextToImageGeneration</span>
            </div> <!-- main-panel-header rounded-window-top -->
            <div class="main-panel-content rounded-window-bottom">
              <div class="method">
                <div class="method-content">
                  <a name="DataDrivenTestingBrandSelectionPageInTextToImageGeneration">
                  </a> <!-- DataDrivenTestingBrandSelectionPageInTextToImageGeneration -->
                  <span class="method-name">DataDrivenTestingBrandSelectionPageInTextToImageGeneration</span>
                  <div class="stack-trace">java.lang.Throwable: Method TC_004_DataDrivenTestingBrandSelectionPageInTextToImageGeneration.DataDrivenTestingBrandSelectionPageInTextToImageGeneration(java.lang.String,java.lang.String,java.lang.String,java.lang.String,java.lang.String,java.lang.String,java.lang.String,java.lang.String,java.lang.String,java.lang.String,java.lang.String,java.lang.String,java.lang.String,java.lang.String,java.lang.String,java.lang.String,java.lang.String,java.lang.String,java.lang.String)[pri:0, instance:tesrCases.TC_004_DataDrivenTestingBrandSelectionPageInTextToImageGeneration@5217f3d0] depends on not successfully finished methods
	at java.base/java.util.ArrayList.forEach(ArrayList.java:1596)
... Removed 18 stack frames
</div> <!-- stack-trace -->
                </div> <!-- method-content -->
              </div> <!-- method -->
            </div> <!-- main-panel-content rounded-window-bottom -->
          </div> <!-- suite-Suite-class-skipped -->
          <div class="suite-Suite-class-skipped">
            <div class="main-panel-header rounded-window-top">
              <img src="skipped.png"/>
              <span class="class-name">tesrCases.TC_006_DataDrivenTestingMediaChannelsSelectionPageInTextToImageGeneration</span>
            </div> <!-- main-panel-header rounded-window-top -->
            <div class="main-panel-content rounded-window-bottom">
              <div class="method">
                <div class="method-content">
                  <a name="DataDrivenTestingMediaChannelsSelectionPageInTextToImageGeneration">
                  </a> <!-- DataDrivenTestingMediaChannelsSelectionPageInTextToImageGeneration -->
                  <span class="method-name">DataDrivenTestingMediaChannelsSelectionPageInTextToImageGeneration</span>
                  <div class="stack-trace">java.lang.Throwable: Method TC_006_DataDrivenTestingMediaChannelsSelectionPageInTextToImageGeneration.DataDrivenTestingMediaChannelsSelectionPageInTextToImageGeneration(java.lang.String,java.lang.String,java.lang.String,java.lang.String,java.lang.String,java.lang.String,java.lang.String,java.lang.String,java.lang.String,java.lang.String,java.lang.String,java.lang.String,java.lang.String,java.lang.String,java.lang.String,java.lang.String,java.lang.String,java.lang.String,java.lang.String)[pri:0, instance:tesrCases.TC_006_DataDrivenTestingMediaChannelsSelectionPageInTextToImageGeneration@293bb8a5] depends on not successfully finished methods
	at java.base/java.util.ArrayList.forEach(ArrayList.java:1596)
... Removed 18 stack frames
</div> <!-- stack-trace -->
                </div> <!-- method-content -->
              </div> <!-- method -->
            </div> <!-- main-panel-content rounded-window-bottom -->
          </div> <!-- suite-Suite-class-skipped -->
          <div class="suite-Suite-class-skipped">
            <div class="main-panel-header rounded-window-top">
              <img src="skipped.png"/>
              <span class="class-name">tesrCases.TC_002_DataDrivenTestingFillTargetGroupDetailsPageInTextToImageGeneration</span>
            </div> <!-- main-panel-header rounded-window-top -->
            <div class="main-panel-content rounded-window-bottom">
              <div class="method">
                <div class="method-content">
                  <a name="DataDrivenTestingFillTargetGroupDetailsPageInTextToImageGeneration">
                  </a> <!-- DataDrivenTestingFillTargetGroupDetailsPageInTextToImageGeneration -->
                  <span class="method-name">DataDrivenTestingFillTargetGroupDetailsPageInTextToImageGeneration</span>
                  <div class="stack-trace">java.lang.Throwable: Method TC_002_DataDrivenTestingFillTargetGroupDetailsPageInTextToImageGeneration.DataDrivenTestingFillTargetGroupDetailsPageInTextToImageGeneration(java.lang.String,java.lang.String,java.lang.String,java.lang.String,java.lang.String,java.lang.String,java.lang.String,java.lang.String,java.lang.String,java.lang.String,java.lang.String,java.lang.String,java.lang.String,java.lang.String,java.lang.String,java.lang.String,java.lang.String,java.lang.String,java.lang.String)[pri:0, instance:tesrCases.TC_002_DataDrivenTestingFillTargetGroupDetailsPageInTextToImageGeneration@54361a9] depends on not successfully finished methods
	at java.base/java.util.ArrayList.forEach(ArrayList.java:1596)
... Removed 18 stack frames
</div> <!-- stack-trace -->
                </div> <!-- method-content -->
              </div> <!-- method -->
            </div> <!-- main-panel-content rounded-window-bottom -->
          </div> <!-- suite-Suite-class-skipped -->
          <div class="suite-Suite-class-skipped">
            <div class="main-panel-header rounded-window-top">
              <img src="skipped.png"/>
              <span class="class-name">tesrCases.TC_005_DataDrivenTestingCampaignOverviewDetailsPageInTextToImageGeneration</span>
            </div> <!-- main-panel-header rounded-window-top -->
            <div class="main-panel-content rounded-window-bottom">
              <div class="method">
                <div class="method-content">
                  <a name="DataDrivenTestingCampaignOverviewDetailsPageInTextToImageGeneration">
                  </a> <!-- DataDrivenTestingCampaignOverviewDetailsPageInTextToImageGeneration -->
                  <span class="method-name">DataDrivenTestingCampaignOverviewDetailsPageInTextToImageGeneration</span>
                  <div class="stack-trace">java.lang.Throwable: Method TC_005_DataDrivenTestingCampaignOverviewDetailsPageInTextToImageGeneration.DataDrivenTestingCampaignOverviewDetailsPageInTextToImageGeneration(java.lang.String,java.lang.String,java.lang.String,java.lang.String,java.lang.String,java.lang.String,java.lang.String,java.lang.String,java.lang.String,java.lang.String,java.lang.String,java.lang.String,java.lang.String,java.lang.String,java.lang.String,java.lang.String,java.lang.String,java.lang.String,java.lang.String)[pri:0, instance:tesrCases.TC_005_DataDrivenTestingCampaignOverviewDetailsPageInTextToImageGeneration@37ebc9d8] depends on not successfully finished methods
	at java.base/java.util.ArrayList.forEach(ArrayList.java:1596)
... Removed 18 stack frames
</div> <!-- stack-trace -->
                </div> <!-- method-content -->
              </div> <!-- method -->
            </div> <!-- main-panel-content rounded-window-bottom -->
          </div> <!-- suite-Suite-class-skipped -->
          <div class="suite-Suite-class-skipped">
            <div class="main-panel-header rounded-window-top">
              <img src="skipped.png"/>
              <span class="class-name">tesrCases.TC_001_DataDrivenTestingFillBrandingDetailsPageInTextToImageGeneration</span>
            </div> <!-- main-panel-header rounded-window-top -->
            <div class="main-panel-content rounded-window-bottom">
              <div class="method">
                <div class="method-content">
                  <a name="DataDrivenTestingFillBrandingDetailsPageInTextToImageGeneration(BrandA, Real Estate, Innovating technology solutions that seamlessly integrate with your lifestyle.,...)">
                  </a> <!-- DataDrivenTestingFillBrandingDetailsPageInTextToImageGeneration(BrandA, Real Estate, Innovating technology solutions that seamlessly integrate with your lifestyle.,...) -->
                  <span class="method-name">DataDrivenTestingFillBrandingDetailsPageInTextToImageGeneration</span>
                  <span class="parameters">(BrandA, Real Estate, Innovating technology solutions that seamlessly integrate with your lifestyle., Tech Enthusiast, Male, All Ages, All India, , Smart Watch, Cutting-edge technology with a sleek design, featuring health tracking and connectivity., , Tech Tomorrow Today, Showcase new tech products and drive online engagement., twitter, (1080*1080), Indian, Object, Photographic, A modern smart watch with a futuristic interface, displayed on a sleek desk alongside tech gadgets and accessories)</span>
                  <div class="stack-trace">org.openqa.selenium.NoSuchWindowException: no such window: target window already closed
from unknown error: web view not found
  (Session info: chrome=129.0.6668.90)
Build info: version: &apos;4.24.0&apos;, revision: &apos;748ffc9bc3&apos;
System info: os.name: &apos;Windows 11&apos;, os.arch: &apos;amd64&apos;, os.version: &apos;10.0&apos;, java.version: &apos;21.0.4&apos;
Driver info: org.openqa.selenium.chrome.ChromeDriver
Command: [a60c07b3dd6a196358010c9a6a79e4d2, maximizeCurrentWindow {}]
Capabilities {acceptInsecureCerts: false, browserName: chrome, browserVersion: 129.0.6668.90, chrome: {chromedriverVersion: 129.0.6668.91 (b00bc8b76d60..., userDataDir: C:\Users\HP\AppData\Local\T...}, fedcm:accounts: true, goog:chromeOptions: {debuggerAddress: localhost:62953}, networkConnectionEnabled: false, pageLoadStrategy: normal, platformName: windows, proxy: Proxy(), se:cdp: ws://localhost:62953/devtoo..., se:cdpVersion: 129.0.6668.90, setWindowRect: true, strictFileInteractability: false, timeouts: {implicit: 0, pageLoad: 300000, script: 30000}, unhandledPromptBehavior: dismiss and notify, webauthn:extension:credBlob: true, webauthn:extension:largeBlob: true, webauthn:extension:minPinLength: true, webauthn:extension:prf: true, webauthn:virtualAuthenticators: true}
Session ID: a60c07b3dd6a196358010c9a6a79e4d2
	at org.openqa.selenium.remote.ErrorCodec.decode(ErrorCodec.java:167)
	at org.openqa.selenium.remote.codec.w3c.W3CHttpResponseCodec.decode(W3CHttpResponseCodec.java:138)
	at org.openqa.selenium.remote.codec.w3c.W3CHttpResponseCodec.decode(W3CHttpResponseCodec.java:50)
	at org.openqa.selenium.remote.HttpCommandExecutor.execute(HttpCommandExecutor.java:190)
	at org.openqa.selenium.remote.service.DriverCommandExecutor.invokeExecute(DriverCommandExecutor.java:216)
	at org.openqa.selenium.remote.service.DriverCommandExecutor.execute(DriverCommandExecutor.java:174)
	at org.openqa.selenium.remote.RemoteWebDriver.execute(RemoteWebDriver.java:545)
	at org.openqa.selenium.remote.RemoteWebDriver.execute(RemoteWebDriver.java:618)
	at org.openqa.selenium.remote.RemoteWebDriver.execute(RemoteWebDriver.java:622)
	at org.openqa.selenium.remote.RemoteWebDriver$RemoteWebDriverOptions$RemoteWindow.maximize(RemoteWebDriver.java:1061)
	at testBase.BaseClass.configureDriver(BaseClass.java:109)
	at testBase.BaseClass.launchingApplication(BaseClass.java:55)
... Removed 20 stack frames
</div> <!-- stack-trace -->
                </div> <!-- method-content -->
              </div> <!-- method -->
            </div> <!-- main-panel-content rounded-window-bottom -->
          </div> <!-- suite-Suite-class-skipped -->
          <div class="suite-Suite-class-skipped">
            <div class="main-panel-header rounded-window-top">
              <img src="skipped.png"/>
              <span class="class-name">tesrCases.TC_003_DataDrivenTestingFillProductDetailsPageInTextToImageGeneration</span>
            </div> <!-- main-panel-header rounded-window-top -->
            <div class="main-panel-content rounded-window-bottom">
              <div class="method">
                <div class="method-content">
                  <a name="DataDrivenTestingFillProductDetailsPageInTextToImageGeneration">
                  </a> <!-- DataDrivenTestingFillProductDetailsPageInTextToImageGeneration -->
                  <span class="method-name">DataDrivenTestingFillProductDetailsPageInTextToImageGeneration</span>
                  <div class="stack-trace">java.lang.Throwable: Method TC_003_DataDrivenTestingFillProductDetailsPageInTextToImageGeneration.DataDrivenTestingFillProductDetailsPageInTextToImageGeneration(java.lang.String,java.lang.String,java.lang.String,java.lang.String,java.lang.String,java.lang.String,java.lang.String,java.lang.String,java.lang.String,java.lang.String,java.lang.String,java.lang.String,java.lang.String,java.lang.String,java.lang.String,java.lang.String,java.lang.String,java.lang.String,java.lang.String)[pri:0, instance:tesrCases.TC_003_DataDrivenTestingFillProductDetailsPageInTextToImageGeneration@32232e55] depends on not successfully finished methods
	at java.base/java.util.ArrayList.forEach(ArrayList.java:1596)
... Removed 18 stack frames
</div> <!-- stack-trace -->
                </div> <!-- method-content -->
              </div> <!-- method -->
            </div> <!-- main-panel-content rounded-window-bottom -->
          </div> <!-- suite-Suite-class-skipped -->
          <div class="suite-Suite-class-skipped">
            <div class="main-panel-header rounded-window-top">
              <img src="skipped.png"/>
              <span class="class-name">tesrCases.TC_007_DataDrivenTestingCreativeDesignSelectionPageInTextToImageGeneration</span>
            </div> <!-- main-panel-header rounded-window-top -->
            <div class="main-panel-content rounded-window-bottom">
              <div class="method">
                <div class="method-content">
                  <a name="DataDrivenTestingCreativeDesignSelectionPageInTextToImageGeneration">
                  </a> <!-- DataDrivenTestingCreativeDesignSelectionPageInTextToImageGeneration -->
                  <span class="method-name">DataDrivenTestingCreativeDesignSelectionPageInTextToImageGeneration</span>
                  <div class="stack-trace">java.lang.Throwable: Method TC_007_DataDrivenTestingCreativeDesignSelectionPageInTextToImageGeneration.DataDrivenTestingCreativeDesignSelectionPageInTextToImageGeneration(java.lang.String,java.lang.String,java.lang.String,java.lang.String,java.lang.String,java.lang.String,java.lang.String,java.lang.String,java.lang.String,java.lang.String,java.lang.String,java.lang.String,java.lang.String,java.lang.String,java.lang.String,java.lang.String,java.lang.String,java.lang.String,java.lang.String)[pri:0, instance:tesrCases.TC_007_DataDrivenTestingCreativeDesignSelectionPageInTextToImageGeneration@2416a51] depends on not successfully finished methods
	at java.base/java.util.ArrayList.forEach(ArrayList.java:1596)
... Removed 18 stack frames
</div> <!-- stack-trace -->
                </div> <!-- method-content -->
              </div> <!-- method -->
            </div> <!-- main-panel-content rounded-window-bottom -->
          </div> <!-- suite-Suite-class-skipped -->
        </div> <!-- panel Suite -->
        <div panel-name="test-xml-Suite" class="panel">
          <div class="main-panel-header rounded-window-top">
            <span class="header-content">C:\Users\HP\eclipse-workspace\qa-automatiom\masters.xml</span>
          </div> <!-- main-panel-header rounded-window-top -->
          <div class="main-panel-content rounded-window-bottom">
            <pre>
&lt;?xml version=&quot;1.0&quot; encoding=&quot;UTF-8&quot;?&gt;
&lt;!DOCTYPE suite SYSTEM &quot;https://testng.org/testng-1.0.dtd&quot;&gt;
&lt;suite name=&quot;Suite&quot; guice-stage=&quot;DEVELOPMENT&quot;&gt;
  &lt;parameter name=&quot;os&quot; value=&quot;windows&quot;/&gt;
  &lt;parameter name=&quot;browser&quot; value=&quot;chrome&quot;/&gt;
  &lt;listeners&gt;
    &lt;listener class-name=&quot;utilities.ExtentReportManager&quot;/&gt;
  &lt;/listeners&gt;
  &lt;test thread-count=&quot;1&quot; name=&quot;Gen Test - Row 1&quot;&gt;
    &lt;parameter name=&quot;index&quot; value=&quot;1&quot;/&gt;
    &lt;classes&gt;
      &lt;class name=&quot;tesrCases.TC_001_DataDrivenTestingFillBrandingDetailsPageInTextToImageGeneration&quot;/&gt;
      &lt;class name=&quot;tesrCases.TC_002_DataDrivenTestingFillTargetGroupDetailsPageInTextToImageGeneration&quot;/&gt;
      &lt;class name=&quot;tesrCases.TC_003_DataDrivenTestingFillProductDetailsPageInTextToImageGeneration&quot;/&gt;
      &lt;class name=&quot;tesrCases.TC_004_DataDrivenTestingBrandSelectionPageInTextToImageGeneration&quot;/&gt;
      &lt;class name=&quot;tesrCases.TC_005_DataDrivenTestingCampaignOverviewDetailsPageInTextToImageGeneration&quot;/&gt;
      &lt;class name=&quot;tesrCases.TC_006_DataDrivenTestingMediaChannelsSelectionPageInTextToImageGeneration&quot;/&gt;
      &lt;class name=&quot;tesrCases.TC_007_DataDrivenTestingCreativeDesignSelectionPageInTextToImageGeneration&quot;/&gt;
      &lt;class name=&quot;tesrCases.TC_008_PostImageGenerationTest&quot;/&gt;
    &lt;/classes&gt;
  &lt;/test&gt; &lt;!-- Gen Test - Row 1 --&gt;
&lt;/suite&gt; &lt;!-- Suite --&gt;
            </pre>
          </div> <!-- main-panel-content rounded-window-bottom -->
        </div> <!-- panel -->
        <div panel-name="testlist-Suite" class="panel">
          <div class="main-panel-header rounded-window-top">
            <span class="header-content">Tests for Suite</span>
          </div> <!-- main-panel-header rounded-window-top -->
          <div class="main-panel-content rounded-window-bottom">
            <ul>
              <li>
                <span class="test-name">Gen Test - Row 1 (8 classes)</span>
              </li>
            </ul>
          </div> <!-- main-panel-content rounded-window-bottom -->
        </div> <!-- panel -->
        <div panel-name="group-Suite" class="panel">
          <div class="main-panel-header rounded-window-top">
            <span class="header-content">Groups for Suite</span>
          </div> <!-- main-panel-header rounded-window-top -->
          <div class="main-panel-content rounded-window-bottom">
          </div> <!-- main-panel-content rounded-window-bottom -->
        </div> <!-- panel -->
        <div panel-name="times-Suite" class="panel">
          <div class="main-panel-header rounded-window-top">
            <span class="header-content">Times for Suite</span>
          </div> <!-- main-panel-header rounded-window-top -->
          <div class="main-panel-content rounded-window-bottom">
            <div class="times-div">
              <script type="text/javascript">
suiteTableInitFunctions.push('tableData_Suite');
function tableData_Suite() {
var data = new google.visualization.DataTable();
data.addColumn('number', 'Number');
data.addColumn('string', 'Method');
data.addColumn('string', 'Class');
data.addColumn('number', 'Time (ms)');
data.addRows(12);
data.setCell(0, 0, 0)
data.setCell(0, 1, 'DataDrivenTestingBrandSelectionPageInTextToImageGeneration')
data.setCell(0, 2, 'tesrCases.TC_004_DataDrivenTestingBrandSelectionPageInTextToImageGeneration')
data.setCell(0, 3, 0);
data.setCell(1, 0, 1)
data.setCell(1, 1, 'DataDrivenTestingCampaignOverviewDetailsPageInTextToImageGeneration')
data.setCell(1, 2, 'tesrCases.TC_005_DataDrivenTestingCampaignOverviewDetailsPageInTextToImageGeneration')
data.setCell(1, 3, 0);
data.setCell(2, 0, 2)
data.setCell(2, 1, 'testRevealPromptButtonFunctionality')
data.setCell(2, 2, 'tesrCases.TC_008_PostImageGenerationTest')
data.setCell(2, 3, 0);
data.setCell(3, 0, 3)
data.setCell(3, 1, 'DataDrivenTestingFillTargetGroupDetailsPageInTextToImageGeneration')
data.setCell(3, 2, 'tesrCases.TC_002_DataDrivenTestingFillTargetGroupDetailsPageInTextToImageGeneration')
data.setCell(3, 3, 0);
data.setCell(4, 0, 4)
data.setCell(4, 1, 'DataDrivenTestingFillProductDetailsPageInTextToImageGeneration')
data.setCell(4, 2, 'tesrCases.TC_003_DataDrivenTestingFillProductDetailsPageInTextToImageGeneration')
data.setCell(4, 3, 0);
data.setCell(5, 0, 5)
data.setCell(5, 1, 'DataDrivenTestingFillBrandingDetailsPageInTextToImageGeneration')
data.setCell(5, 2, 'tesrCases.TC_001_DataDrivenTestingFillBrandingDetailsPageInTextToImageGeneration')
data.setCell(5, 3, 0);
data.setCell(6, 0, 6)
data.setCell(6, 1, 'DataDrivenTestingMediaChannelsSelectionPageInTextToImageGeneration')
data.setCell(6, 2, 'tesrCases.TC_006_DataDrivenTestingMediaChannelsSelectionPageInTextToImageGeneration')
data.setCell(6, 3, 0);
data.setCell(7, 0, 7)
data.setCell(7, 1, 'verifyImageRegeneration')
data.setCell(7, 2, 'tesrCases.TC_008_PostImageGenerationTest')
data.setCell(7, 3, 0);
data.setCell(8, 0, 8)
data.setCell(8, 1, 'dislikeGeneratedImageFunctionalityTest')
data.setCell(8, 2, 'tesrCases.TC_008_PostImageGenerationTest')
data.setCell(8, 3, 0);
data.setCell(9, 0, 9)
data.setCell(9, 1, 'likeGeneratedImageFunctionalityTest')
data.setCell(9, 2, 'tesrCases.TC_008_PostImageGenerationTest')
data.setCell(9, 3, 0);
data.setCell(10, 0, 10)
data.setCell(10, 1, 'DataDrivenTestingCreativeDesignSelectionPageInTextToImageGeneration')
data.setCell(10, 2, 'tesrCases.TC_007_DataDrivenTestingCreativeDesignSelectionPageInTextToImageGeneration')
data.setCell(10, 3, 0);
data.setCell(11, 0, 11)
data.setCell(11, 1, 'saveGeneratedImageFunctionalityTest')
data.setCell(11, 2, 'tesrCases.TC_008_PostImageGenerationTest')
data.setCell(11, 3, 0);
window.suiteTableData['Suite']= { tableData: data, tableDiv: 'times-div-Suite'}
return data;
}
              </script>
              <span class="suite-total-time">Total running time: 0 ms</span>
              <div id="times-div-Suite">
              </div> <!-- times-div-Suite -->
            </div> <!-- times-div -->
          </div> <!-- main-panel-content rounded-window-bottom -->
        </div> <!-- panel -->
        <div panel-name="reporter-Suite" class="panel">
          <div class="main-panel-header rounded-window-top">
            <span class="header-content">Reporter output for Suite</span>
          </div> <!-- main-panel-header rounded-window-top -->
          <div class="main-panel-content rounded-window-bottom">
          </div> <!-- main-panel-content rounded-window-bottom -->
        </div> <!-- panel -->
        <div panel-name="ignored-methods-Suite" class="panel">
          <div class="main-panel-header rounded-window-top">
            <span class="header-content">7 ignored methods</span>
          </div> <!-- main-panel-header rounded-window-top -->
          <div class="main-panel-content rounded-window-bottom">
            <div class="ignored-class-div">
              <span class="ignored-class-name">tesrCases.TC_008_PostImageGenerationTest</span>
              <div class="ignored-methods-div">
                <span class="ignored-method-name">launchingApplication</span>
                <br/>
              </div> <!-- ignored-methods-div -->
            </div> <!-- ignored-class-div -->
            <div class="ignored-class-div">
              <span class="ignored-class-name">tesrCases.TC_004_DataDrivenTestingBrandSelectionPageInTextToImageGeneration</span>
              <div class="ignored-methods-div">
                <span class="ignored-method-name">launchingApplication</span>
                <br/>
              </div> <!-- ignored-methods-div -->
            </div> <!-- ignored-class-div -->
            <div class="ignored-class-div">
              <span class="ignored-class-name">tesrCases.TC_006_DataDrivenTestingMediaChannelsSelectionPageInTextToImageGeneration</span>
              <div class="ignored-methods-div">
                <span class="ignored-method-name">launchingApplication</span>
                <br/>
              </div> <!-- ignored-methods-div -->
            </div> <!-- ignored-class-div -->
            <div class="ignored-class-div">
              <span class="ignored-class-name">tesrCases.TC_002_DataDrivenTestingFillTargetGroupDetailsPageInTextToImageGeneration</span>
              <div class="ignored-methods-div">
                <span class="ignored-method-name">launchingApplication</span>
                <br/>
              </div> <!-- ignored-methods-div -->
            </div> <!-- ignored-class-div -->
            <div class="ignored-class-div">
              <span class="ignored-class-name">tesrCases.TC_005_DataDrivenTestingCampaignOverviewDetailsPageInTextToImageGeneration</span>
              <div class="ignored-methods-div">
                <span class="ignored-method-name">launchingApplication</span>
                <br/>
              </div> <!-- ignored-methods-div -->
            </div> <!-- ignored-class-div -->
            <div class="ignored-class-div">
              <span class="ignored-class-name">tesrCases.TC_003_DataDrivenTestingFillProductDetailsPageInTextToImageGeneration</span>
              <div class="ignored-methods-div">
                <span class="ignored-method-name">launchingApplication</span>
                <br/>
              </div> <!-- ignored-methods-div -->
            </div> <!-- ignored-class-div -->
            <div class="ignored-class-div">
              <span class="ignored-class-name">tesrCases.TC_007_DataDrivenTestingCreativeDesignSelectionPageInTextToImageGeneration</span>
              <div class="ignored-methods-div">
                <span class="ignored-method-name">launchingApplication</span>
                <br/>
              </div> <!-- ignored-methods-div -->
            </div> <!-- ignored-class-div -->
          </div> <!-- main-panel-content rounded-window-bottom -->
        </div> <!-- panel -->
        <div panel-name="chronological-Suite" class="panel">
          <div class="main-panel-header rounded-window-top">
            <span class="header-content">Methods in chronological order</span>
          </div> <!-- main-panel-header rounded-window-top -->
          <div class="main-panel-content rounded-window-bottom">
            <div class="chronological-class">
              <div class="chronological-class-name">tesrCases.TC_001_DataDrivenTestingFillBrandingDetailsPageInTextToImageGeneration</div> <!-- chronological-class-name -->
              <div class="configuration-suite before">
                <img src="failed.png">
                </img>
                <span class="method-name">launchingApplication(windows, chrome)</span>
                <span class="method-start">0 ms</span>
              </div> <!-- configuration-suite before -->
              <div class="test-method">
                <span class="method-name">DataDrivenTestingFillBrandingDetailsPageInTextToImageGeneration(BrandA, Real Estate, Innovating technology solutions that seamlessly integrate with your lifestyle.,...)</span>
                <span class="method-start">11674 ms</span>
              </div> <!-- test-method -->
            </div> <!-- chronological-class -->
            <div class="chronological-class">
              <div class="chronological-class-name">tesrCases.TC_002_DataDrivenTestingFillTargetGroupDetailsPageInTextToImageGeneration</div> <!-- chronological-class-name -->
              <div class="test-method">
                <span class="method-name">DataDrivenTestingFillTargetGroupDetailsPageInTextToImageGeneration</span>
                <span class="method-start">11699 ms</span>
              </div> <!-- test-method -->
            </div> <!-- chronological-class -->
            <div class="chronological-class">
              <div class="chronological-class-name">tesrCases.TC_003_DataDrivenTestingFillProductDetailsPageInTextToImageGeneration</div> <!-- chronological-class-name -->
              <div class="test-method">
                <span class="method-name">DataDrivenTestingFillProductDetailsPageInTextToImageGeneration</span>
                <span class="method-start">11704 ms</span>
              </div> <!-- test-method -->
            </div> <!-- chronological-class -->
            <div class="chronological-class">
              <div class="chronological-class-name">tesrCases.TC_004_DataDrivenTestingBrandSelectionPageInTextToImageGeneration</div> <!-- chronological-class-name -->
              <div class="test-method">
                <span class="method-name">DataDrivenTestingBrandSelectionPageInTextToImageGeneration</span>
                <span class="method-start">11710 ms</span>
              </div> <!-- test-method -->
            </div> <!-- chronological-class -->
            <div class="chronological-class">
              <div class="chronological-class-name">tesrCases.TC_005_DataDrivenTestingCampaignOverviewDetailsPageInTextToImageGeneration</div> <!-- chronological-class-name -->
              <div class="test-method">
                <span class="method-name">DataDrivenTestingCampaignOverviewDetailsPageInTextToImageGeneration</span>
                <span class="method-start">11713 ms</span>
              </div> <!-- test-method -->
            </div> <!-- chronological-class -->
            <div class="chronological-class">
              <div class="chronological-class-name">tesrCases.TC_006_DataDrivenTestingMediaChannelsSelectionPageInTextToImageGeneration</div> <!-- chronological-class-name -->
              <div class="test-method">
                <span class="method-name">DataDrivenTestingMediaChannelsSelectionPageInTextToImageGeneration</span>
                <span class="method-start">11717 ms</span>
              </div> <!-- test-method -->
            </div> <!-- chronological-class -->
            <div class="chronological-class">
              <div class="chronological-class-name">tesrCases.TC_007_DataDrivenTestingCreativeDesignSelectionPageInTextToImageGeneration</div> <!-- chronological-class-name -->
              <div class="test-method">
                <span class="method-name">DataDrivenTestingCreativeDesignSelectionPageInTextToImageGeneration</span>
                <span class="method-start">11723 ms</span>
              </div> <!-- test-method -->
            </div> <!-- chronological-class -->
            <div class="chronological-class">
              <div class="chronological-class-name">tesrCases.TC_008_PostImageGenerationTest</div> <!-- chronological-class-name -->
              <div class="test-method">
                <span class="method-name">likeGeneratedImageFunctionalityTest</span>
                <span class="method-start">11726 ms</span>
              </div> <!-- test-method -->
              <div class="test-method">
                <span class="method-name">dislikeGeneratedImageFunctionalityTest</span>
                <span class="method-start">11729 ms</span>
              </div> <!-- test-method -->
              <div class="test-method">
                <span class="method-name">saveGeneratedImageFunctionalityTest</span>
                <span class="method-start">11737 ms</span>
              </div> <!-- test-method -->
              <div class="test-method">
                <span class="method-name">verifyImageRegeneration</span>
                <span class="method-start">11744 ms</span>
              </div> <!-- test-method -->
              <div class="test-method">
                <span class="method-name">testRevealPromptButtonFunctionality</span>
                <span class="method-start">11749 ms</span>
              </div> <!-- test-method -->
          </div> <!-- main-panel-content rounded-window-bottom -->
        </div> <!-- panel -->
      </div> <!-- main-panel-root -->
    </div> <!-- wrapper -->
  </body>
<script type="text/javascript" src="testng-reports2.js"></script>
</html>
